\BOOKMARK [1][-]{section.1}{\376\377\176\352\213\272}{}% 1
\BOOKMARK [2][-]{subsection.1.1}{\376\377\133\236\232\214\200\314\146\157}{section.1}% 2
\BOOKMARK [2][-]{subsection.1.2}{\376\377\133\236\232\214\166\356\166\204\124\214\141\017\116\111}{section.1}% 3
\BOOKMARK [2][-]{subsection.1.3}{\376\377\133\236\232\214\145\271\154\325}{section.1}% 4
\BOOKMARK [1][-]{section.2}{\376\377\133\236\232\214\123\237\164\006}{}% 5
\BOOKMARK [2][-]{subsection.2.1}{\376\377\160\355\145\117\165\065\226\073\156\051\136\246\117\040\141\037\126\150}{section.2}% 6
\BOOKMARK [3][-]{subsubsection.2.1.1}{\376\377\140\122\123\213\156\220\165\065\155\101\154\325\155\113\221\317\160\355\165\065\226\073}{subsection.2.1}% 7
\BOOKMARK [3][-]{subsubsection.2.1.2}{\376\377\215\037\156\051\136\246\174\373\145\160\160\355\145\117\165\065\226\073\000\050\000N\000T\000C\000\040\0001\000K\000\051\156\051\136\246\117\040\141\037\126\150}{subsection.2.1}% 8
\BOOKMARK [2][-]{subsection.2.2}{\376\377\000P\000N\176\323\156\051\136\246\117\040\141\037\126\150}{section.2}% 9
\BOOKMARK [2][-]{subsection.2.3}{\376\377\000L\000M\0003\0005\000\040\226\306\142\020\165\065\123\213\127\213\156\051\136\246\117\040\141\037\126\150}{section.2}% 10
\BOOKMARK [1][-]{section.3}{\376\377\133\236\232\214\116\352\126\150}{}% 11
\BOOKMARK [1][-]{section.4}{\376\377\133\236\232\214\217\307\172\013}{}% 12
\BOOKMARK [2][-]{subsection.4.1}{\376\377\155\113\221\317\156\051\136\246\117\040\141\037\126\150\166\204\217\223\121\372\162\171\140\047\213\262\116\111}{section.4}% 13
\BOOKMARK [2][-]{subsection.4.2}{\376\377\122\066\117\134\145\160\133\127\137\017\165\065\133\120\156\051\136\246\210\150\213\262\116\111}{section.4}% 14
\BOOKMARK [1][-]{section.5}{\376\377\133\236\232\214\145\160\143\156\116\016\131\004\164\006}{}% 15
\BOOKMARK [2][-]{subsection.5.1}{\376\377\133\236\232\214\145\160\143\156}{section.5}% 16
\BOOKMARK [2][-]{subsection.5.2}{\376\377\133\236\232\214\145\160\143\156\131\004\164\006}{section.5}% 17
\BOOKMARK [3][-]{subsubsection.5.2.1}{\376\377\156\051\136\246\117\040\141\037\126\150\166\204\217\223\121\372\162\171\140\047}{subsection.5.2}% 18
\BOOKMARK [3][-]{subsubsection.5.2.2}{\376\377\122\066\117\134\145\160\133\127\137\017\165\065\133\120\156\051\136\246\210\150}{subsection.5.2}% 19
\BOOKMARK [3][-]{subsubsection.5.2.3}{\376\377\116\272\117\123\156\051\136\246\155\113\221\317}{subsection.5.2}% 20
\BOOKMARK [1][-]{section.6}{\376\377\176\323\213\272}{}% 21
\BOOKMARK [1][-]{section.7}{\376\377\176\323\213\355}{}% 22
\BOOKMARK [1][-]{section.8}{\376\377\201\364\214\042}{}% 23
