14.3501 	WARNING 	User requested fullscreen with size [1920 1080], but screen is actually [1600, 900]. Using actual size
14.8543 	EXP 	Created window1 = Window(allowGUI=True, allowStencil=False, autoLog=True, backendConf=UNKNOWN, backgroundFit=<method-wrapper '__getattribute__' of attributeSetter object at 0x000001D9E6350C40>, backgroundImage=<method-wrapper '__getattribute__' of attributeSetter object at 0x000001D9E6350BE0>, bitsMode=UNKNOWN, blendMode='avg', bpc=(8, 8, 8), color=array([-1., -1., -1.]), colorSpace='rgb', depthBits=8, fullscr=<method-wrapper '__getattribute__' of attributeSetter object at 0x000001D9E6350A30>, gamma=None, gammaErrorPolicy='raise', lms=UNKNOWN, monitor=<psychopy.monitors.calibTools.Monitor object at 0x000001D9E66C9FD0>, multiSample=False, name='window1', numSamples=2, pos=(0, 0), screen=0, size=array([1600,  900]), stencilBits=0, stereo=False, title='PsychoPy', units='height', useFBO=True, useRetina=False, viewOri=0.0, viewPos=None, viewScale=None, waitBlanking=True, winType='pyglet')
14.8543 	EXP 	window1: mouseVisible = True
14.8543 	EXP 	window1: backgroundImage = ''
14.8543 	EXP 	window1: backgroundFit = 'none'
14.8551 	EXP 	window1: Attempting to measure frame rate of screen (0) ...
14.8551 	EXP 	window1: recordFrameIntervals = False
15.0206 	EXP 	window1: recordFrameIntervals = True
15.2040 	EXP 	Screen (0) actual frame rate measured at 60.00Hz
15.2040 	EXP 	window1: recordFrameIntervals = False
15.2040 	EXP 	window1: mouseVisible = False
16.0610 	EXP 	stroop: status = STARTED
16.0615 	EXP 	window1: mouseVisible = True
16.1299 	EXP 	Created WelcomeMessage = TextStim(__class__=<class 'psychopy.visual.text.TextStim'>, alignHoriz=method-wrapper(...), alignText='center', alignVert=method-wrapper(...), anchorHoriz='center', anchorVert='center', antialias=True, autoDraw=False, autoLog=True, bold=False, color=array([1., 1., 1.]), colorSpace='rgb', contrast=1.0, depth=0.0, draggable=False, flipHoriz=False, flipVert=False, font='Open Sans', fontFiles=[], height=0.04, italic=False, languageStyle='LTR', name='WelcomeMessage', opacity=1.0, ori=0.0, pos=array([0., 0.]), rgb=UNKNOWN, text=str(...), units='height', win=Window(...), wrapWidth=1)
16.1300 	EXP 	window1: mouseVisible = True
16.1320 	EXP 	Created textBlank500 = TextStim(__class__=<class 'psychopy.visual.text.TextStim'>, alignHoriz=method-wrapper(...), alignText='center', alignVert=method-wrapper(...), anchorHoriz='center', anchorVert='center', antialias=True, autoDraw=False, autoLog=True, bold=False, color=array([1., 1., 1.]), colorSpace='rgb', contrast=1.0, depth=0.0, draggable=False, flipHoriz=False, flipVert=False, font='Open Sans', fontFiles=[], height=0.05, italic=False, languageStyle='LTR', name='textBlank500', opacity=1.0, ori=0.0, pos=array([0., 0.]), rgb=UNKNOWN, text='', units='height', win=Window(...), wrapWidth=1)
16.1321 	EXP 	window1: mouseVisible = True
16.1334 	EXP 	Created polygon = ShapeStim(__class__=<class 'psychopy.visual.shape.ShapeStim'>, anchor=('center', 'center'), autoDraw=False, autoLog=True, closeShape=True, color=method-wrapper(...), colorSpace='rgb', contrast=None, depth=-1.0, draggable=False, fillColor=array([1, 1, 1]), fillColorSpace='rgb', fillRGB=array([1, 1, 1]), interpolate=True, lineColor=array([1., 1., 1.]), lineColorSpace='rgb', lineRGB=array([1, 1, 1]), lineWidth=0.3, name='polygon', opacity=1.0, ori=0.0, pos=array([0., 0.]), size=array([0.06, 0.06]), units='height', vertices=ndarray(...), win=Window(...), windingRule=None)
16.1335 	EXP 	window1: mouseVisible = True
16.1342 	EXP 	Created textStroopWord = TextStim(__class__=<class 'psychopy.visual.text.TextStim'>, alignHoriz=method-wrapper(...), alignText='center', alignVert=method-wrapper(...), anchorHoriz='center', anchorVert='center', antialias=True, autoDraw=False, autoLog=True, bold=False, color=array([1., 1., 1.]), colorSpace='rgb', contrast=1.0, depth=0.0, draggable=False, flipHoriz=False, flipVert=False, font='Open Sans', fontFiles=[], height=0.1, italic=False, languageStyle='LTR', name='textStroopWord', opacity=1.0, ori=0.0, pos=array([0., 0.]), rgb=UNKNOWN, text='', units='height', win=Window(...), wrapWidth=1)
16.1343 	EXP 	window1: mouseVisible = True
16.1350 	EXP 	Created textBlank500 = TextStim(__class__=<class 'psychopy.visual.text.TextStim'>, alignHoriz=method-wrapper(...), alignText='center', alignVert=method-wrapper(...), anchorHoriz='center', anchorVert='center', antialias=True, autoDraw=False, autoLog=True, bold=False, color=array([1., 1., 1.]), colorSpace='rgb', contrast=1.0, depth=0.0, draggable=False, flipHoriz=False, flipVert=False, font='Open Sans', fontFiles=[], height=0.05, italic=False, languageStyle='LTR', name='textBlank500', opacity=1.0, ori=0.0, pos=array([0., 0.]), rgb=UNKNOWN, text='', units='height', win=Window(...), wrapWidth=1)
16.1350 	EXP 	window1: mouseVisible = True
16.1360 	EXP 	Created polygon = ShapeStim(__class__=<class 'psychopy.visual.shape.ShapeStim'>, anchor=('center', 'center'), autoDraw=False, autoLog=True, closeShape=True, color=method-wrapper(...), colorSpace='rgb', contrast=None, depth=-1.0, draggable=False, fillColor=array([1, 1, 1]), fillColorSpace='rgb', fillRGB=array([1, 1, 1]), interpolate=True, lineColor=array([1., 1., 1.]), lineColorSpace='rgb', lineRGB=array([1, 1, 1]), lineWidth=0.3, name='polygon', opacity=1.0, ori=0.0, pos=array([0., 0.]), size=array([0.06, 0.06]), units='height', vertices=ndarray(...), win=Window(...), windingRule=None)
16.1360 	EXP 	window1: mouseVisible = True
16.1434 	EXP 	Created Goodbye = TextStim(__class__=<class 'psychopy.visual.text.TextStim'>, alignHoriz=method-wrapper(...), alignText='center', alignVert=method-wrapper(...), anchorHoriz='center', anchorVert='center', antialias=True, autoDraw=False, autoLog=True, bold=False, color=array([1., 1., 1.]), colorSpace='rgb', contrast=1.0, depth=0.0, draggable=False, flipHoriz=False, flipVert=False, font='Open Sans', fontFiles=[], height=0.05, italic=False, languageStyle='LTR', name='Goodbye', opacity=1.0, ori=0.0, pos=array([0., 0.]), rgb=UNKNOWN, text='任务结束，谢谢你的参加！\n\n请按“空格键”退出', units='height', win=Window(...), wrapWidth=1)
0.0445 	EXP 	WelcomeMessage: autoDraw = True
1.9785 	EXP 	WelcomeMessage: autoDraw = False
1.9785 	EXP 	textBlank500: autoDraw = True
1.9785 	EXP 	polygon: autoDraw = True
2.4729 	EXP 	Imported stroop_stimuli.xlsx as conditions, 24 conditions, 4 params
2.4733 	EXP 	Created sequence: random, trialTypes=24, nReps=2, seed=None
2.4734 	EXP 	New trial (rep=0, index=0): {'type': 'congruent', 'word': 'YELLOW', 'colour': 'yellow', 'correct_key': 'y'}
2.4790 	EXP 	textBlank500: autoDraw = False
2.4790 	EXP 	polygon: autoDraw = False
2.4790 	EXP 	textBlank500: autoDraw = False
2.4790 	EXP 	polygon: autoDraw = False
2.4790 	EXP 	textStroopWord: foreColor = <psychopy.colors.Color: yellow, alpha=1.0>
2.4790 	EXP 	textStroopWord: height = 0.1
2.4790 	EXP 	textStroopWord: height = 0.1
2.4790 	EXP 	textStroopWord: height = 0.1
2.4790 	EXP 	textStroopWord: text = 'YELLOW'
2.4790 	EXP 	textStroopWord: autoDraw = True
3.2783 	EXP 	textStroopWord: autoDraw = False
3.2783 	EXP 	textBlank500: autoDraw = True
3.2783 	EXP 	polygon: autoDraw = True
3.7631 	EXP 	New trial (rep=0, index=1): {'type': 'congruent', 'word': 'YELLOW', 'colour': 'yellow', 'correct_key': 'y'}
3.7787 	EXP 	textBlank500: autoDraw = False
3.7787 	EXP 	polygon: autoDraw = False
3.7787 	EXP 	textBlank500: autoDraw = False
3.7787 	EXP 	polygon: autoDraw = False
3.7787 	EXP 	textStroopWord: foreColor = <psychopy.colors.Color: yellow, alpha=1.0>
3.7787 	EXP 	textStroopWord: text = 'YELLOW'
3.7787 	EXP 	textStroopWord: autoDraw = True
4.3108 	EXP 	textStroopWord: autoDraw = False
4.3108 	EXP 	textBlank500: autoDraw = True
4.3108 	EXP 	polygon: autoDraw = True
4.7962 	EXP 	New trial (rep=0, index=2): {'type': 'congruent', 'word': 'RED', 'colour': 'red', 'correct_key': 'r'}
4.8116 	EXP 	textBlank500: autoDraw = False
4.8116 	EXP 	polygon: autoDraw = False
4.8116 	EXP 	textBlank500: autoDraw = False
4.8116 	EXP 	polygon: autoDraw = False
4.8116 	EXP 	textStroopWord: foreColor = <psychopy.colors.Color: red, alpha=1.0>
4.8116 	EXP 	textStroopWord: height = 0.1
4.8116 	EXP 	textStroopWord: height = 0.1
4.8116 	EXP 	textStroopWord: height = 0.1
4.8116 	EXP 	textStroopWord: text = 'RED'
4.8116 	EXP 	textStroopWord: autoDraw = True
5.4782 	EXP 	textStroopWord: autoDraw = False
5.4782 	EXP 	textBlank500: autoDraw = True
5.4782 	EXP 	polygon: autoDraw = True
5.9630 	EXP 	New trial (rep=0, index=3): {'type': 'congruent', 'word': 'RED', 'colour': 'red', 'correct_key': 'r'}
5.9787 	EXP 	textBlank500: autoDraw = False
5.9787 	EXP 	polygon: autoDraw = False
5.9787 	EXP 	textBlank500: autoDraw = False
5.9787 	EXP 	polygon: autoDraw = False
5.9787 	EXP 	textStroopWord: foreColor = <psychopy.colors.Color: red, alpha=1.0>
5.9787 	EXP 	textStroopWord: text = 'RED'
5.9787 	EXP 	textStroopWord: autoDraw = True
6.4454 	EXP 	textStroopWord: autoDraw = False
6.4454 	EXP 	textBlank500: autoDraw = True
6.4454 	EXP 	polygon: autoDraw = True
6.9299 	EXP 	New trial (rep=0, index=4): {'type': 'congruent', 'word': 'GREEN', 'colour': 'green', 'correct_key': 'g'}
6.9450 	EXP 	textBlank500: autoDraw = False
6.9450 	EXP 	polygon: autoDraw = False
6.9450 	EXP 	textBlank500: autoDraw = False
6.9450 	EXP 	polygon: autoDraw = False
6.9450 	EXP 	textStroopWord: foreColor = <psychopy.colors.Color: green, alpha=1.0>
6.9450 	EXP 	textStroopWord: height = 0.1
6.9450 	EXP 	textStroopWord: height = 0.1
6.9450 	EXP 	textStroopWord: height = 0.1
6.9450 	EXP 	textStroopWord: text = 'GREEN'
6.9450 	EXP 	textStroopWord: autoDraw = True
7.5282 	EXP 	textStroopWord: autoDraw = False
7.5282 	EXP 	textBlank500: autoDraw = True
7.5282 	EXP 	polygon: autoDraw = True
8.0121 	EXP 	New trial (rep=0, index=5): {'type': 'congruent', 'word': 'BLUE', 'colour': 'blue', 'correct_key': 'b'}
8.0281 	EXP 	textBlank500: autoDraw = False
8.0281 	EXP 	polygon: autoDraw = False
8.0281 	EXP 	textBlank500: autoDraw = False
8.0281 	EXP 	polygon: autoDraw = False
8.0281 	EXP 	textStroopWord: foreColor = <psychopy.colors.Color: blue, alpha=1.0>
8.0281 	EXP 	textStroopWord: height = 0.1
8.0281 	EXP 	textStroopWord: height = 0.1
8.0281 	EXP 	textStroopWord: height = 0.1
8.0281 	EXP 	textStroopWord: text = 'BLUE'
8.0281 	EXP 	textStroopWord: autoDraw = True
8.5282 	EXP 	textStroopWord: autoDraw = False
8.5282 	EXP 	textBlank500: autoDraw = True
8.5282 	EXP 	polygon: autoDraw = True
9.0123 	EXP 	New trial (rep=0, index=6): {'type': 'incongruent', 'word': 'GREEN', 'colour': 'red', 'correct_key': 'r'}
9.0286 	EXP 	textBlank500: autoDraw = False
9.0286 	EXP 	polygon: autoDraw = False
9.0286 	EXP 	textBlank500: autoDraw = False
9.0286 	EXP 	polygon: autoDraw = False
9.0286 	EXP 	textStroopWord: foreColor = <psychopy.colors.Color: red, alpha=1.0>
9.0286 	EXP 	textStroopWord: height = 0.1
9.0286 	EXP 	textStroopWord: height = 0.1
9.0286 	EXP 	textStroopWord: height = 0.1
9.0286 	EXP 	textStroopWord: text = 'GREEN'
9.0286 	EXP 	textStroopWord: autoDraw = True
9.7564 	EXP 	textStroopWord: autoDraw = False
9.7564 	EXP 	textBlank500: autoDraw = True
9.7564 	EXP 	polygon: autoDraw = True
10.2294 	EXP 	New trial (rep=0, index=7): {'type': 'congruent', 'word': 'BLUE', 'colour': 'blue', 'correct_key': 'b'}
10.2450 	EXP 	textBlank500: autoDraw = False
10.2450 	EXP 	polygon: autoDraw = False
10.2450 	EXP 	textStroopWord: foreColor = <psychopy.colors.Color: blue, alpha=1.0>
10.2450 	EXP 	textStroopWord: height = 0.1
10.2450 	EXP 	textStroopWord: height = 0.1
10.2450 	EXP 	textStroopWord: height = 0.1
10.2450 	EXP 	textStroopWord: text = 'BLUE'
10.2450 	EXP 	textStroopWord: autoDraw = True
11.1281 	EXP 	textStroopWord: autoDraw = False
11.1281 	EXP 	textBlank500: autoDraw = True
11.1281 	EXP 	polygon: autoDraw = True
11.6133 	EXP 	New trial (rep=0, index=8): {'type': 'incongruent', 'word': 'RED', 'colour': 'yellow', 'correct_key': 'y'}
11.6286 	EXP 	textBlank500: autoDraw = False
11.6286 	EXP 	polygon: autoDraw = False
11.6286 	EXP 	textBlank500: autoDraw = False
11.6286 	EXP 	polygon: autoDraw = False
11.6286 	EXP 	textStroopWord: foreColor = <psychopy.colors.Color: yellow, alpha=1.0>
11.6286 	EXP 	textStroopWord: height = 0.1
11.6286 	EXP 	textStroopWord: height = 0.1
11.6286 	EXP 	textStroopWord: height = 0.1
11.6286 	EXP 	textStroopWord: text = 'RED'
11.6286 	EXP 	textStroopWord: autoDraw = True
13.1615 	EXP 	textStroopWord: autoDraw = False
13.1615 	EXP 	textBlank500: autoDraw = True
13.1615 	EXP 	polygon: autoDraw = True
13.6465 	EXP 	New trial (rep=0, index=9): {'type': 'congruent', 'word': 'BLUE', 'colour': 'blue', 'correct_key': 'b'}
13.6622 	EXP 	textBlank500: autoDraw = False
13.6622 	EXP 	polygon: autoDraw = False
13.6622 	EXP 	textBlank500: autoDraw = False
13.6622 	EXP 	polygon: autoDraw = False
13.6622 	EXP 	textStroopWord: foreColor = <psychopy.colors.Color: blue, alpha=1.0>
13.6622 	EXP 	textStroopWord: height = 0.1
13.6622 	EXP 	textStroopWord: height = 0.1
13.6622 	EXP 	textStroopWord: height = 0.1
13.6622 	EXP 	textStroopWord: text = 'BLUE'
13.6622 	EXP 	textStroopWord: autoDraw = True
14.6786 	EXP 	textStroopWord: autoDraw = False
14.6786 	EXP 	textBlank500: autoDraw = True
14.6786 	EXP 	polygon: autoDraw = True
15.1637 	EXP 	New trial (rep=0, index=10): {'type': 'congruent', 'word': 'YELLOW', 'colour': 'yellow', 'correct_key': 'y'}
15.1788 	EXP 	textBlank500: autoDraw = False
15.1788 	EXP 	polygon: autoDraw = False
15.1788 	EXP 	textBlank500: autoDraw = False
15.1788 	EXP 	polygon: autoDraw = False
15.1788 	EXP 	textStroopWord: foreColor = <psychopy.colors.Color: yellow, alpha=1.0>
15.1788 	EXP 	textStroopWord: height = 0.1
15.1788 	EXP 	textStroopWord: height = 0.1
15.1788 	EXP 	textStroopWord: height = 0.1
15.1788 	EXP 	textStroopWord: text = 'YELLOW'
15.1788 	EXP 	textStroopWord: autoDraw = True
15.8610 	EXP 	textStroopWord: autoDraw = False
15.8610 	EXP 	textBlank500: autoDraw = True
15.8610 	EXP 	polygon: autoDraw = True
16.3459 	EXP 	New trial (rep=0, index=11): {'type': 'incongruent', 'word': 'YELLOW', 'colour': 'red', 'correct_key': 'r'}
16.3626 	EXP 	textBlank500: autoDraw = False
16.3626 	EXP 	polygon: autoDraw = False
16.3626 	EXP 	textBlank500: autoDraw = False
16.3626 	EXP 	polygon: autoDraw = False
16.3626 	EXP 	textStroopWord: foreColor = <psychopy.colors.Color: red, alpha=1.0>
16.3626 	EXP 	textStroopWord: text = 'YELLOW'
16.3626 	EXP 	textStroopWord: autoDraw = True
16.9110 	EXP 	textStroopWord: autoDraw = False
16.9110 	EXP 	textBlank500: autoDraw = True
16.9110 	EXP 	polygon: autoDraw = True
17.3969 	EXP 	New trial (rep=0, index=12): {'type': 'incongruent', 'word': 'BLUE', 'colour': 'yellow', 'correct_key': 'y'}
17.4120 	EXP 	textBlank500: autoDraw = False
17.4120 	EXP 	polygon: autoDraw = False
17.4120 	EXP 	textBlank500: autoDraw = False
17.4120 	EXP 	polygon: autoDraw = False
17.4120 	EXP 	textStroopWord: foreColor = <psychopy.colors.Color: yellow, alpha=1.0>
17.4120 	EXP 	textStroopWord: height = 0.1
17.4120 	EXP 	textStroopWord: height = 0.1
17.4120 	EXP 	textStroopWord: height = 0.1
17.4120 	EXP 	textStroopWord: text = 'BLUE'
17.4120 	EXP 	textStroopWord: autoDraw = True
18.1952 	EXP 	textStroopWord: autoDraw = False
18.1952 	EXP 	textBlank500: autoDraw = True
18.1952 	EXP 	polygon: autoDraw = True
18.6795 	EXP 	New trial (rep=0, index=13): {'type': 'incongruent', 'word': 'YELLOW', 'colour': 'blue', 'correct_key': 'b'}
18.6951 	EXP 	textBlank500: autoDraw = False
18.6951 	EXP 	polygon: autoDraw = False
18.6951 	EXP 	textBlank500: autoDraw = False
18.6951 	EXP 	polygon: autoDraw = False
18.6951 	EXP 	textStroopWord: foreColor = <psychopy.colors.Color: blue, alpha=1.0>
18.6951 	EXP 	textStroopWord: height = 0.1
18.6951 	EXP 	textStroopWord: height = 0.1
18.6951 	EXP 	textStroopWord: height = 0.1
18.6951 	EXP 	textStroopWord: text = 'YELLOW'
18.6951 	EXP 	textStroopWord: autoDraw = True
19.5776 	EXP 	textStroopWord: autoDraw = False
19.5776 	EXP 	textBlank500: autoDraw = True
19.5776 	EXP 	polygon: autoDraw = True
20.0637 	EXP 	New trial (rep=0, index=14): {'type': 'congruent', 'word': 'GREEN', 'colour': 'green', 'correct_key': 'g'}
20.0787 	EXP 	textBlank500: autoDraw = False
20.0787 	EXP 	polygon: autoDraw = False
20.0787 	EXP 	textBlank500: autoDraw = False
20.0787 	EXP 	polygon: autoDraw = False
20.0787 	EXP 	textStroopWord: foreColor = <psychopy.colors.Color: green, alpha=1.0>
20.0787 	EXP 	textStroopWord: height = 0.1
20.0787 	EXP 	textStroopWord: height = 0.1
20.0787 	EXP 	textStroopWord: height = 0.1
20.0787 	EXP 	textStroopWord: text = 'GREEN'
20.0787 	EXP 	textStroopWord: autoDraw = True
20.9782 	EXP 	textStroopWord: autoDraw = False
20.9782 	EXP 	textBlank500: autoDraw = True
20.9782 	EXP 	polygon: autoDraw = True
21.4631 	EXP 	New trial (rep=0, index=15): {'type': 'incongruent', 'word': 'GREEN', 'colour': 'yellow', 'correct_key': 'y'}
21.4788 	EXP 	textBlank500: autoDraw = False
21.4788 	EXP 	polygon: autoDraw = False
21.4788 	EXP 	textBlank500: autoDraw = False
21.4788 	EXP 	polygon: autoDraw = False
21.4788 	EXP 	textStroopWord: foreColor = <psychopy.colors.Color: yellow, alpha=1.0>
21.4788 	EXP 	textStroopWord: text = 'GREEN'
21.4788 	EXP 	textStroopWord: autoDraw = True
21.9615 	EXP 	textStroopWord: autoDraw = False
21.9615 	EXP 	textBlank500: autoDraw = True
21.9615 	EXP 	polygon: autoDraw = True
22.4465 	EXP 	New trial (rep=0, index=16): {'type': 'incongruent', 'word': 'YELLOW', 'colour': 'green', 'correct_key': 'g'}
22.4618 	EXP 	textBlank500: autoDraw = False
22.4618 	EXP 	polygon: autoDraw = False
22.4618 	EXP 	textBlank500: autoDraw = False
22.4618 	EXP 	polygon: autoDraw = False
22.4618 	EXP 	textStroopWord: foreColor = <psychopy.colors.Color: green, alpha=1.0>
22.4618 	EXP 	textStroopWord: height = 0.1
22.4618 	EXP 	textStroopWord: height = 0.1
22.4618 	EXP 	textStroopWord: height = 0.1
22.4618 	EXP 	textStroopWord: text = 'YELLOW'
22.4618 	EXP 	textStroopWord: autoDraw = True
23.0616 	EXP 	textStroopWord: autoDraw = False
23.0616 	EXP 	textBlank500: autoDraw = True
23.0616 	EXP 	polygon: autoDraw = True
23.5467 	EXP 	New trial (rep=0, index=17): {'type': 'congruent', 'word': 'GREEN', 'colour': 'green', 'correct_key': 'g'}
23.5622 	EXP 	textBlank500: autoDraw = False
23.5622 	EXP 	polygon: autoDraw = False
23.5622 	EXP 	textBlank500: autoDraw = False
23.5622 	EXP 	polygon: autoDraw = False
23.5622 	EXP 	textStroopWord: foreColor = <psychopy.colors.Color: green, alpha=1.0>
23.5622 	EXP 	textStroopWord: height = 0.1
23.5622 	EXP 	textStroopWord: height = 0.1
23.5622 	EXP 	textStroopWord: height = 0.1
23.5622 	EXP 	textStroopWord: text = 'GREEN'
23.5622 	EXP 	textStroopWord: autoDraw = True
24.1282 	EXP 	textStroopWord: autoDraw = False
24.1282 	EXP 	textBlank500: autoDraw = True
24.1282 	EXP 	polygon: autoDraw = True
24.6132 	EXP 	New trial (rep=0, index=18): {'type': 'incongruent', 'word': 'GREEN', 'colour': 'blue', 'correct_key': 'b'}
24.6289 	EXP 	textBlank500: autoDraw = False
24.6289 	EXP 	polygon: autoDraw = False
24.6289 	EXP 	textBlank500: autoDraw = False
24.6289 	EXP 	polygon: autoDraw = False
24.6289 	EXP 	textStroopWord: foreColor = <psychopy.colors.Color: blue, alpha=1.0>
24.6289 	EXP 	textStroopWord: text = 'GREEN'
24.6289 	EXP 	textStroopWord: autoDraw = True
25.1116 	EXP 	textStroopWord: autoDraw = False
25.1116 	EXP 	textBlank500: autoDraw = True
25.1116 	EXP 	polygon: autoDraw = True
25.5965 	EXP 	New trial (rep=0, index=19): {'type': 'incongruent', 'word': 'RED', 'colour': 'green', 'correct_key': 'g'}
25.6119 	EXP 	textBlank500: autoDraw = False
25.6119 	EXP 	polygon: autoDraw = False
25.6119 	EXP 	textBlank500: autoDraw = False
25.6119 	EXP 	polygon: autoDraw = False
25.6119 	EXP 	textStroopWord: foreColor = <psychopy.colors.Color: green, alpha=1.0>
25.6119 	EXP 	textStroopWord: height = 0.1
25.6119 	EXP 	textStroopWord: height = 0.1
25.6119 	EXP 	textStroopWord: height = 0.1
25.6119 	EXP 	textStroopWord: text = 'RED'
25.6119 	EXP 	textStroopWord: autoDraw = True
26.7618 	EXP 	textStroopWord: autoDraw = False
26.7618 	EXP 	textBlank500: autoDraw = True
26.7618 	EXP 	polygon: autoDraw = True
27.2467 	EXP 	New trial (rep=0, index=20): {'type': 'incongruent', 'word': 'BLUE', 'colour': 'green', 'correct_key': 'g'}
27.2618 	EXP 	textBlank500: autoDraw = False
27.2618 	EXP 	polygon: autoDraw = False
27.2618 	EXP 	textBlank500: autoDraw = False
27.2618 	EXP 	polygon: autoDraw = False
27.2618 	EXP 	textStroopWord: foreColor = <psychopy.colors.Color: green, alpha=1.0>
27.2618 	EXP 	textStroopWord: height = 0.1
27.2618 	EXP 	textStroopWord: height = 0.1
27.2618 	EXP 	textStroopWord: height = 0.1
27.2618 	EXP 	textStroopWord: text = 'BLUE'
27.2618 	EXP 	textStroopWord: autoDraw = True
27.8950 	EXP 	textStroopWord: autoDraw = False
27.8950 	EXP 	textBlank500: autoDraw = True
27.8950 	EXP 	polygon: autoDraw = True
28.3801 	EXP 	New trial (rep=0, index=21): {'type': 'incongruent', 'word': 'RED', 'colour': 'blue', 'correct_key': 'b'}
28.3954 	EXP 	textBlank500: autoDraw = False
28.3954 	EXP 	polygon: autoDraw = False
28.3954 	EXP 	textBlank500: autoDraw = False
28.3954 	EXP 	polygon: autoDraw = False
28.3954 	EXP 	textStroopWord: foreColor = <psychopy.colors.Color: blue, alpha=1.0>
28.3954 	EXP 	textStroopWord: height = 0.1
28.3954 	EXP 	textStroopWord: height = 0.1
28.3954 	EXP 	textStroopWord: height = 0.1
28.3954 	EXP 	textStroopWord: text = 'RED'
28.3954 	EXP 	textStroopWord: autoDraw = True
29.6618 	EXP 	textStroopWord: autoDraw = False
29.6618 	EXP 	textBlank500: autoDraw = True
29.6618 	EXP 	polygon: autoDraw = True
30.1473 	EXP 	New trial (rep=0, index=22): {'type': 'incongruent', 'word': 'BLUE', 'colour': 'red', 'correct_key': 'r'}
30.1619 	EXP 	textBlank500: autoDraw = False
30.1619 	EXP 	polygon: autoDraw = False
30.1619 	EXP 	textBlank500: autoDraw = False
30.1619 	EXP 	polygon: autoDraw = False
30.1619 	EXP 	textStroopWord: foreColor = <psychopy.colors.Color: red, alpha=1.0>
30.1619 	EXP 	textStroopWord: height = 0.1
30.1619 	EXP 	textStroopWord: height = 0.1
30.1619 	EXP 	textStroopWord: height = 0.1
30.1619 	EXP 	textStroopWord: text = 'BLUE'
30.1619 	EXP 	textStroopWord: autoDraw = True
31.1953 	EXP 	textStroopWord: autoDraw = False
31.1953 	EXP 	textBlank500: autoDraw = True
31.1953 	EXP 	polygon: autoDraw = True
31.6799 	EXP 	New trial (rep=0, index=23): {'type': 'congruent', 'word': 'RED', 'colour': 'red', 'correct_key': 'r'}
31.6952 	EXP 	textBlank500: autoDraw = False
31.6952 	EXP 	polygon: autoDraw = False
31.6952 	EXP 	textBlank500: autoDraw = False
31.6952 	EXP 	polygon: autoDraw = False
31.6952 	EXP 	textStroopWord: foreColor = <psychopy.colors.Color: red, alpha=1.0>
31.6952 	EXP 	textStroopWord: height = 0.1
31.6952 	EXP 	textStroopWord: height = 0.1
31.6952 	EXP 	textStroopWord: height = 0.1
31.6952 	EXP 	textStroopWord: text = 'RED'
31.6952 	EXP 	textStroopWord: autoDraw = True
32.1952 	EXP 	textStroopWord: autoDraw = False
32.1952 	EXP 	textBlank500: autoDraw = True
32.1952 	EXP 	polygon: autoDraw = True
32.6799 	EXP 	New trial (rep=1, index=0): {'type': 'congruent', 'word': 'BLUE', 'colour': 'blue', 'correct_key': 'b'}
32.6952 	EXP 	textBlank500: autoDraw = False
32.6952 	EXP 	polygon: autoDraw = False
32.6952 	EXP 	textBlank500: autoDraw = False
32.6952 	EXP 	polygon: autoDraw = False
32.6952 	EXP 	textStroopWord: foreColor = <psychopy.colors.Color: blue, alpha=1.0>
32.6952 	EXP 	textStroopWord: height = 0.1
32.6952 	EXP 	textStroopWord: height = 0.1
32.6952 	EXP 	textStroopWord: height = 0.1
32.6952 	EXP 	textStroopWord: text = 'BLUE'
32.6952 	EXP 	textStroopWord: autoDraw = True
33.5120 	EXP 	textStroopWord: autoDraw = False
33.5120 	EXP 	textBlank500: autoDraw = True
33.5120 	EXP 	polygon: autoDraw = True
33.9964 	EXP 	New trial (rep=1, index=1): {'type': 'incongruent', 'word': 'RED', 'colour': 'blue', 'correct_key': 'b'}
34.0119 	EXP 	textBlank500: autoDraw = False
34.0119 	EXP 	polygon: autoDraw = False
34.0119 	EXP 	textBlank500: autoDraw = False
34.0119 	EXP 	polygon: autoDraw = False
34.0119 	EXP 	textStroopWord: foreColor = <psychopy.colors.Color: blue, alpha=1.0>
34.0119 	EXP 	textStroopWord: height = 0.1
34.0119 	EXP 	textStroopWord: height = 0.1
34.0119 	EXP 	textStroopWord: height = 0.1
34.0119 	EXP 	textStroopWord: text = 'RED'
34.0119 	EXP 	textStroopWord: autoDraw = True
34.5451 	EXP 	textStroopWord: autoDraw = False
34.5451 	EXP 	textBlank500: autoDraw = True
34.5451 	EXP 	polygon: autoDraw = True
35.0298 	EXP 	New trial (rep=1, index=2): {'type': 'congruent', 'word': 'YELLOW', 'colour': 'yellow', 'correct_key': 'y'}
35.0450 	EXP 	textBlank500: autoDraw = False
35.0450 	EXP 	polygon: autoDraw = False
35.0450 	EXP 	textBlank500: autoDraw = False
35.0450 	EXP 	polygon: autoDraw = False
35.0450 	EXP 	textStroopWord: foreColor = <psychopy.colors.Color: yellow, alpha=1.0>
35.0450 	EXP 	textStroopWord: height = 0.1
35.0450 	EXP 	textStroopWord: height = 0.1
35.0450 	EXP 	textStroopWord: height = 0.1
35.0450 	EXP 	textStroopWord: text = 'YELLOW'
35.0450 	EXP 	textStroopWord: autoDraw = True
35.5620 	EXP 	textStroopWord: autoDraw = False
35.5620 	EXP 	textBlank500: autoDraw = True
35.5620 	EXP 	polygon: autoDraw = True
36.0458 	EXP 	New trial (rep=1, index=3): {'type': 'congruent', 'word': 'RED', 'colour': 'red', 'correct_key': 'r'}
36.0617 	EXP 	textBlank500: autoDraw = False
36.0617 	EXP 	polygon: autoDraw = False
36.0617 	EXP 	textBlank500: autoDraw = False
36.0617 	EXP 	polygon: autoDraw = False
36.0617 	EXP 	textStroopWord: foreColor = <psychopy.colors.Color: red, alpha=1.0>
36.0617 	EXP 	textStroopWord: height = 0.1
36.0617 	EXP 	textStroopWord: height = 0.1
36.0617 	EXP 	textStroopWord: height = 0.1
36.0617 	EXP 	textStroopWord: text = 'RED'
36.0617 	EXP 	textStroopWord: autoDraw = True
36.6786 	EXP 	textStroopWord: autoDraw = False
36.6786 	EXP 	textBlank500: autoDraw = True
36.6786 	EXP 	polygon: autoDraw = True
37.1645 	EXP 	New trial (rep=1, index=4): {'type': 'incongruent', 'word': 'GREEN', 'colour': 'yellow', 'correct_key': 'y'}
37.1786 	EXP 	textBlank500: autoDraw = False
37.1786 	EXP 	polygon: autoDraw = False
37.1786 	EXP 	textStroopWord: foreColor = <psychopy.colors.Color: yellow, alpha=1.0>
37.1786 	EXP 	textStroopWord: height = 0.1
37.1786 	EXP 	textStroopWord: height = 0.1
37.1786 	EXP 	textStroopWord: height = 0.1
37.1786 	EXP 	textStroopWord: text = 'GREEN'
37.1786 	EXP 	textStroopWord: autoDraw = True
38.1284 	EXP 	textStroopWord: autoDraw = False
38.1284 	EXP 	textBlank500: autoDraw = True
38.1284 	EXP 	polygon: autoDraw = True
38.6130 	EXP 	New trial (rep=1, index=5): {'type': 'incongruent', 'word': 'GREEN', 'colour': 'blue', 'correct_key': 'b'}
38.6289 	EXP 	textBlank500: autoDraw = False
38.6289 	EXP 	polygon: autoDraw = False
38.6289 	EXP 	textBlank500: autoDraw = False
38.6289 	EXP 	polygon: autoDraw = False
38.6289 	EXP 	textStroopWord: foreColor = <psychopy.colors.Color: blue, alpha=1.0>
38.6289 	EXP 	textStroopWord: text = 'GREEN'
38.6289 	EXP 	textStroopWord: autoDraw = True
40.5950 	EXP 	textStroopWord: autoDraw = False
40.5950 	EXP 	textBlank500: autoDraw = True
40.5950 	EXP 	polygon: autoDraw = True
41.0807 	EXP 	New trial (rep=1, index=6): {'type': 'incongruent', 'word': 'GREEN', 'colour': 'red', 'correct_key': 'r'}
41.0960 	EXP 	textBlank500: autoDraw = False
41.0960 	EXP 	polygon: autoDraw = False
41.0960 	EXP 	textBlank500: autoDraw = False
41.0960 	EXP 	polygon: autoDraw = False
41.0960 	EXP 	textStroopWord: foreColor = <psychopy.colors.Color: red, alpha=1.0>
41.0960 	EXP 	textStroopWord: text = 'GREEN'
41.0960 	EXP 	textStroopWord: autoDraw = True
43.2951 	EXP 	textStroopWord: autoDraw = False
43.2951 	EXP 	textBlank500: autoDraw = True
43.2951 	EXP 	polygon: autoDraw = True
43.7798 	EXP 	New trial (rep=1, index=7): {'type': 'incongruent', 'word': 'YELLOW', 'colour': 'red', 'correct_key': 'r'}
43.7952 	EXP 	textBlank500: autoDraw = False
43.7952 	EXP 	polygon: autoDraw = False
43.7952 	EXP 	textBlank500: autoDraw = False
43.7952 	EXP 	polygon: autoDraw = False
43.7952 	EXP 	textStroopWord: foreColor = <psychopy.colors.Color: red, alpha=1.0>
43.7952 	EXP 	textStroopWord: height = 0.1
43.7952 	EXP 	textStroopWord: height = 0.1
43.7952 	EXP 	textStroopWord: height = 0.1
43.7952 	EXP 	textStroopWord: text = 'YELLOW'
43.7952 	EXP 	textStroopWord: autoDraw = True
44.9620 	EXP 	textStroopWord: autoDraw = False
44.9620 	EXP 	textBlank500: autoDraw = True
44.9620 	EXP 	polygon: autoDraw = True
45.4466 	EXP 	New trial (rep=1, index=8): {'type': 'congruent', 'word': 'YELLOW', 'colour': 'yellow', 'correct_key': 'y'}
45.4622 	EXP 	textBlank500: autoDraw = False
45.4622 	EXP 	polygon: autoDraw = False
45.4622 	EXP 	textBlank500: autoDraw = False
45.4622 	EXP 	polygon: autoDraw = False
45.4622 	EXP 	textStroopWord: foreColor = <psychopy.colors.Color: yellow, alpha=1.0>
45.4622 	EXP 	textStroopWord: text = 'YELLOW'
45.4622 	EXP 	textStroopWord: autoDraw = True
46.0447 	EXP 	textStroopWord: autoDraw = False
46.0447 	EXP 	textBlank500: autoDraw = True
46.0447 	EXP 	polygon: autoDraw = True
46.5298 	EXP 	New trial (rep=1, index=9): {'type': 'incongruent', 'word': 'YELLOW', 'colour': 'green', 'correct_key': 'g'}
46.5462 	EXP 	textBlank500: autoDraw = False
46.5462 	EXP 	polygon: autoDraw = False
46.5462 	EXP 	textBlank500: autoDraw = False
46.5462 	EXP 	polygon: autoDraw = False
46.5462 	EXP 	textStroopWord: foreColor = <psychopy.colors.Color: green, alpha=1.0>
46.5462 	EXP 	textStroopWord: text = 'YELLOW'
46.5462 	EXP 	textStroopWord: autoDraw = True
47.9785 	EXP 	textStroopWord: autoDraw = False
47.9785 	EXP 	textBlank500: autoDraw = True
47.9785 	EXP 	polygon: autoDraw = True
48.4631 	EXP 	New trial (rep=1, index=10): {'type': 'congruent', 'word': 'BLUE', 'colour': 'blue', 'correct_key': 'b'}
48.4786 	EXP 	textBlank500: autoDraw = False
48.4786 	EXP 	polygon: autoDraw = False
48.4786 	EXP 	textBlank500: autoDraw = False
48.4786 	EXP 	polygon: autoDraw = False
48.4786 	EXP 	textStroopWord: foreColor = <psychopy.colors.Color: blue, alpha=1.0>
48.4786 	EXP 	textStroopWord: height = 0.1
48.4786 	EXP 	textStroopWord: height = 0.1
48.4786 	EXP 	textStroopWord: height = 0.1
48.4786 	EXP 	textStroopWord: text = 'BLUE'
48.4786 	EXP 	textStroopWord: autoDraw = True
48.9620 	EXP 	textStroopWord: autoDraw = False
48.9620 	EXP 	textBlank500: autoDraw = True
48.9620 	EXP 	polygon: autoDraw = True
49.4466 	EXP 	New trial (rep=1, index=11): {'type': 'incongruent', 'word': 'RED', 'colour': 'green', 'correct_key': 'g'}
49.4619 	EXP 	textBlank500: autoDraw = False
49.4619 	EXP 	polygon: autoDraw = False
49.4619 	EXP 	textBlank500: autoDraw = False
49.4619 	EXP 	polygon: autoDraw = False
49.4619 	EXP 	textStroopWord: foreColor = <psychopy.colors.Color: green, alpha=1.0>
49.4619 	EXP 	textStroopWord: height = 0.1
49.4619 	EXP 	textStroopWord: height = 0.1
49.4619 	EXP 	textStroopWord: height = 0.1
49.4619 	EXP 	textStroopWord: text = 'RED'
49.4619 	EXP 	textStroopWord: autoDraw = True
50.0622 	EXP 	textStroopWord: autoDraw = False
50.0622 	EXP 	textBlank500: autoDraw = True
50.0622 	EXP 	polygon: autoDraw = True
50.5467 	EXP 	New trial (rep=1, index=12): {'type': 'incongruent', 'word': 'RED', 'colour': 'yellow', 'correct_key': 'y'}
50.5623 	EXP 	textBlank500: autoDraw = False
50.5623 	EXP 	polygon: autoDraw = False
50.5623 	EXP 	textBlank500: autoDraw = False
50.5623 	EXP 	polygon: autoDraw = False
50.5623 	EXP 	textStroopWord: foreColor = <psychopy.colors.Color: yellow, alpha=1.0>
50.5623 	EXP 	textStroopWord: text = 'RED'
50.5623 	EXP 	textStroopWord: autoDraw = True
51.3285 	EXP 	textStroopWord: autoDraw = False
51.3285 	EXP 	textBlank500: autoDraw = True
51.3285 	EXP 	polygon: autoDraw = True
51.8132 	EXP 	New trial (rep=1, index=13): {'type': 'congruent', 'word': 'GREEN', 'colour': 'green', 'correct_key': 'g'}
51.8290 	EXP 	textBlank500: autoDraw = False
51.8290 	EXP 	polygon: autoDraw = False
51.8290 	EXP 	textBlank500: autoDraw = False
51.8290 	EXP 	polygon: autoDraw = False
51.8290 	EXP 	textStroopWord: foreColor = <psychopy.colors.Color: green, alpha=1.0>
51.8290 	EXP 	textStroopWord: height = 0.1
51.8290 	EXP 	textStroopWord: height = 0.1
51.8290 	EXP 	textStroopWord: height = 0.1
51.8290 	EXP 	textStroopWord: text = 'GREEN'
51.8290 	EXP 	textStroopWord: autoDraw = True
52.9785 	EXP 	textStroopWord: autoDraw = False
52.9785 	EXP 	textBlank500: autoDraw = True
52.9785 	EXP 	polygon: autoDraw = True
53.4646 	EXP 	New trial (rep=1, index=14): {'type': 'incongruent', 'word': 'BLUE', 'colour': 'yellow', 'correct_key': 'y'}
53.4787 	EXP 	textBlank500: autoDraw = False
53.4787 	EXP 	polygon: autoDraw = False
53.4787 	EXP 	textBlank500: autoDraw = False
53.4787 	EXP 	polygon: autoDraw = False
53.4787 	EXP 	textStroopWord: foreColor = <psychopy.colors.Color: yellow, alpha=1.0>
53.4787 	EXP 	textStroopWord: height = 0.1
53.4787 	EXP 	textStroopWord: height = 0.1
53.4787 	EXP 	textStroopWord: height = 0.1
53.4787 	EXP 	textStroopWord: text = 'BLUE'
53.4787 	EXP 	textStroopWord: autoDraw = True
54.8455 	EXP 	textStroopWord: autoDraw = False
54.8455 	EXP 	textBlank500: autoDraw = True
54.8455 	EXP 	polygon: autoDraw = True
55.3299 	EXP 	New trial (rep=1, index=15): {'type': 'congruent', 'word': 'BLUE', 'colour': 'blue', 'correct_key': 'b'}
55.3456 	EXP 	textBlank500: autoDraw = False
55.3456 	EXP 	polygon: autoDraw = False
55.3456 	EXP 	textBlank500: autoDraw = False
55.3456 	EXP 	polygon: autoDraw = False
55.3456 	EXP 	textStroopWord: foreColor = <psychopy.colors.Color: blue, alpha=1.0>
55.3456 	EXP 	textStroopWord: text = 'BLUE'
55.3456 	EXP 	textStroopWord: autoDraw = True
56.3622 	EXP 	textStroopWord: autoDraw = False
56.3622 	EXP 	textBlank500: autoDraw = True
56.3622 	EXP 	polygon: autoDraw = True
56.8465 	EXP 	New trial (rep=1, index=16): {'type': 'congruent', 'word': 'YELLOW', 'colour': 'yellow', 'correct_key': 'y'}
56.8620 	EXP 	textBlank500: autoDraw = False
56.8620 	EXP 	polygon: autoDraw = False
56.8620 	EXP 	textBlank500: autoDraw = False
56.8620 	EXP 	polygon: autoDraw = False
56.8620 	EXP 	textStroopWord: foreColor = <psychopy.colors.Color: yellow, alpha=1.0>
56.8620 	EXP 	textStroopWord: height = 0.1
56.8620 	EXP 	textStroopWord: height = 0.1
56.8620 	EXP 	textStroopWord: height = 0.1
56.8620 	EXP 	textStroopWord: text = 'YELLOW'
56.8620 	EXP 	textStroopWord: autoDraw = True
57.4119 	EXP 	textStroopWord: autoDraw = False
57.4119 	EXP 	textBlank500: autoDraw = True
57.4119 	EXP 	polygon: autoDraw = True
57.8964 	EXP 	New trial (rep=1, index=17): {'type': 'incongruent', 'word': 'YELLOW', 'colour': 'blue', 'correct_key': 'b'}
57.9123 	EXP 	textBlank500: autoDraw = False
57.9123 	EXP 	polygon: autoDraw = False
57.9123 	EXP 	textBlank500: autoDraw = False
57.9123 	EXP 	polygon: autoDraw = False
57.9123 	EXP 	textStroopWord: foreColor = <psychopy.colors.Color: blue, alpha=1.0>
57.9123 	EXP 	textStroopWord: text = 'YELLOW'
57.9123 	EXP 	textStroopWord: autoDraw = True
58.4790 	EXP 	textStroopWord: autoDraw = False
58.4790 	EXP 	textBlank500: autoDraw = True
58.4790 	EXP 	polygon: autoDraw = True
58.9636 	EXP 	New trial (rep=1, index=18): {'type': 'congruent', 'word': 'RED', 'colour': 'red', 'correct_key': 'r'}
58.9787 	EXP 	textBlank500: autoDraw = False
58.9787 	EXP 	polygon: autoDraw = False
58.9787 	EXP 	textBlank500: autoDraw = False
58.9787 	EXP 	polygon: autoDraw = False
58.9787 	EXP 	textStroopWord: foreColor = <psychopy.colors.Color: red, alpha=1.0>
58.9787 	EXP 	textStroopWord: height = 0.1
58.9787 	EXP 	textStroopWord: height = 0.1
58.9787 	EXP 	textStroopWord: height = 0.1
58.9787 	EXP 	textStroopWord: text = 'RED'
58.9787 	EXP 	textStroopWord: autoDraw = True
59.6621 	EXP 	textStroopWord: autoDraw = False
59.6621 	EXP 	textBlank500: autoDraw = True
59.6621 	EXP 	polygon: autoDraw = True
60.1467 	EXP 	New trial (rep=1, index=19): {'type': 'congruent', 'word': 'GREEN', 'colour': 'green', 'correct_key': 'g'}
60.1624 	EXP 	textBlank500: autoDraw = False
60.1624 	EXP 	polygon: autoDraw = False
60.1624 	EXP 	textBlank500: autoDraw = False
60.1624 	EXP 	polygon: autoDraw = False
60.1624 	EXP 	textStroopWord: foreColor = <psychopy.colors.Color: green, alpha=1.0>
60.1624 	EXP 	textStroopWord: height = 0.1
60.1624 	EXP 	textStroopWord: height = 0.1
60.1624 	EXP 	textStroopWord: height = 0.1
60.1624 	EXP 	textStroopWord: text = 'GREEN'
60.1624 	EXP 	textStroopWord: autoDraw = True
60.9623 	EXP 	textStroopWord: autoDraw = False
60.9623 	EXP 	textBlank500: autoDraw = True
60.9623 	EXP 	polygon: autoDraw = True
61.4466 	EXP 	New trial (rep=1, index=20): {'type': 'incongruent', 'word': 'BLUE', 'colour': 'red', 'correct_key': 'r'}
61.4620 	EXP 	textBlank500: autoDraw = False
61.4620 	EXP 	polygon: autoDraw = False
61.4620 	EXP 	textBlank500: autoDraw = False
61.4620 	EXP 	polygon: autoDraw = False
61.4620 	EXP 	textStroopWord: foreColor = <psychopy.colors.Color: red, alpha=1.0>
61.4620 	EXP 	textStroopWord: height = 0.1
61.4620 	EXP 	textStroopWord: height = 0.1
61.4620 	EXP 	textStroopWord: height = 0.1
61.4620 	EXP 	textStroopWord: text = 'BLUE'
61.4620 	EXP 	textStroopWord: autoDraw = True
62.1788 	EXP 	textStroopWord: autoDraw = False
62.1788 	EXP 	textBlank500: autoDraw = True
62.1788 	EXP 	polygon: autoDraw = True
62.6633 	EXP 	New trial (rep=1, index=21): {'type': 'incongruent', 'word': 'BLUE', 'colour': 'green', 'correct_key': 'g'}
62.6795 	EXP 	textBlank500: autoDraw = False
62.6795 	EXP 	polygon: autoDraw = False
62.6795 	EXP 	textBlank500: autoDraw = False
62.6795 	EXP 	polygon: autoDraw = False
62.6795 	EXP 	textStroopWord: foreColor = <psychopy.colors.Color: green, alpha=1.0>
62.6795 	EXP 	textStroopWord: text = 'BLUE'
62.6795 	EXP 	textStroopWord: autoDraw = True
64.9457 	EXP 	textStroopWord: autoDraw = False
64.9457 	EXP 	textBlank500: autoDraw = True
64.9457 	EXP 	polygon: autoDraw = True
65.4303 	EXP 	New trial (rep=1, index=22): {'type': 'congruent', 'word': 'RED', 'colour': 'red', 'correct_key': 'r'}
65.4459 	EXP 	textBlank500: autoDraw = False
65.4459 	EXP 	polygon: autoDraw = False
65.4459 	EXP 	textBlank500: autoDraw = False
65.4459 	EXP 	polygon: autoDraw = False
65.4459 	EXP 	textStroopWord: foreColor = <psychopy.colors.Color: red, alpha=1.0>
65.4459 	EXP 	textStroopWord: height = 0.1
65.4459 	EXP 	textStroopWord: height = 0.1
65.4459 	EXP 	textStroopWord: height = 0.1
65.4459 	EXP 	textStroopWord: text = 'RED'
65.4459 	EXP 	textStroopWord: autoDraw = True
66.0454 	EXP 	textStroopWord: autoDraw = False
66.0454 	EXP 	textBlank500: autoDraw = True
66.0454 	EXP 	polygon: autoDraw = True
66.5300 	EXP 	New trial (rep=1, index=23): {'type': 'congruent', 'word': 'GREEN', 'colour': 'green', 'correct_key': 'g'}
66.5454 	EXP 	textBlank500: autoDraw = False
66.5454 	EXP 	polygon: autoDraw = False
66.5454 	EXP 	textBlank500: autoDraw = False
66.5454 	EXP 	polygon: autoDraw = False
66.5454 	EXP 	textStroopWord: foreColor = <psychopy.colors.Color: green, alpha=1.0>
66.5454 	EXP 	textStroopWord: height = 0.1
66.5454 	EXP 	textStroopWord: height = 0.1
66.5454 	EXP 	textStroopWord: height = 0.1
66.5454 	EXP 	textStroopWord: text = 'GREEN'
66.5454 	EXP 	textStroopWord: autoDraw = True
67.3621 	EXP 	textStroopWord: autoDraw = False
67.3621 	EXP 	textBlank500: autoDraw = True
67.3621 	EXP 	polygon: autoDraw = True
67.8624 	EXP 	textBlank500: autoDraw = False
67.8624 	EXP 	polygon: autoDraw = False
67.8624 	EXP 	textBlank500: autoDraw = False
67.8624 	EXP 	polygon: autoDraw = False
67.8624 	EXP 	Goodbye: autoDraw = True
68.4625 	EXP 	Goodbye: autoDraw = False
68.4626 	EXP 	stroop: status = STOPPED
68.5151 	EXP 	window1: mouseVisible = True
