9.4935 	WARNING 	User requested fullscreen with size [1920 1080], but screen is actually [1600, 900]. Using actual size
10.0116 	EXP 	Created window1 = Window(allowGUI=True, allowStencil=False, autoLog=True, backendConf=UNKNOWN, backgroundFit=<method-wrapper '__getattribute__' of attributeSetter object at 0x00000286C3AC2280>, backgroundImage=<method-wrapper '__getattribute__' of attributeSetter object at 0x00000286C3AC2220>, bitsMode=UNKNOWN, blendMode='avg', bpc=(8, 8, 8), color=array([-1., -1., -1.]), colorSpace='rgb', depthBits=8, fullscr=<method-wrapper '__getattribute__' of attributeSetter object at 0x00000286C3AC2070>, gamma=None, gammaErrorPolicy='raise', lms=UNKNOWN, monitor=<psychopy.monitors.calibTools.Monitor object at 0x00000286C3E3AD60>, multiSample=False, name='window1', numSamples=2, pos=(0, 0), screen=0, size=array([1600,  900]), stencilBits=0, stereo=False, title='PsychoPy', units='height', useFBO=True, useRetina=False, viewOri=0.0, viewPos=None, viewScale=None, waitBlanking=True, winType='pyglet')
10.0116 	EXP 	window1: mouseVisible = True
10.0116 	EXP 	window1: backgroundImage = ''
10.0116 	EXP 	window1: backgroundFit = 'none'
10.0125 	EXP 	window1: Attempting to measure frame rate of screen (0) ...
10.0125 	EXP 	window1: recordFrameIntervals = False
10.1779 	EXP 	window1: recordFrameIntervals = True
10.3613 	EXP 	Screen (0) actual frame rate measured at 60.00Hz
10.3613 	EXP 	window1: recordFrameIntervals = False
10.3614 	EXP 	window1: mouseVisible = False
11.2173 	EXP 	RDK: status = STARTED
11.2178 	EXP 	window1: mouseVisible = True
11.2863 	EXP 	Created Welcome = TextStim(__class__=<class 'psychopy.visual.text.TextStim'>, alignHoriz=method-wrapper(...), alignText='center', alignVert=method-wrapper(...), anchorHoriz='center', anchorVert='center', antialias=True, autoDraw=False, autoLog=True, bold=False, color=array([1., 1., 1.]), colorSpace='rgb', contrast=1.0, depth=0.0, draggable=False, flipHoriz=False, flipVert=False, font='Open Sans', fontFiles=[], height=0.04, italic=False, languageStyle='Arabic', name='Welcome', opacity=1.0, ori=0.0, pos=array([0., 0.]), rgb=UNKNOWN, text=str(...), units='height', win=Window(...), wrapWidth=1)
11.2864 	EXP 	window1: mouseVisible = True
11.2875 	EXP 	Created textBlank500 = TextStim(__class__=<class 'psychopy.visual.text.TextStim'>, alignHoriz=method-wrapper(...), alignText='center', alignVert=method-wrapper(...), anchorHoriz='center', anchorVert='center', antialias=True, autoDraw=False, autoLog=True, bold=False, color=array([1., 1., 1.]), colorSpace='rgb', contrast=1.0, depth=0.0, draggable=False, flipHoriz=False, flipVert=False, font='Open Sans', fontFiles=[], height=0.05, italic=False, languageStyle='LTR', name='textBlank500', opacity=1.0, ori=0.0, pos=array([0., 0.]), rgb=UNKNOWN, text='', units='height', win=Window(...), wrapWidth=1)
11.2875 	EXP 	window1: mouseVisible = True
11.2884 	EXP 	Created polygon = ShapeStim(__class__=<class 'psychopy.visual.shape.ShapeStim'>, anchor=('center', 'center'), autoDraw=False, autoLog=True, closeShape=True, color=method-wrapper(...), colorSpace='rgb', contrast=None, depth=-1.0, draggable=False, fillColor=array([1, 1, 1]), fillColorSpace='rgb', fillRGB=array([1, 1, 1]), interpolate=True, lineColor=array([-1., -1., -1.]), lineColorSpace='rgb', lineRGB=array([-1., -1., -1.]), lineWidth=0.3, name='polygon', opacity=1.0, ori=0.0, pos=array([0., 0.]), size=array([0.06, 0.06]), units='height', vertices=ndarray(...), win=Window(...), windingRule=None)
11.2895 	EXP 	Created dots = DotStim(__class__=<class 'psychopy.visual.dot.DotStim'>, autoLog=True, coherence=1.0, color=array([1., 1., 1.]), colorSpace='rgb', contrast=1.0, depth=0.0, dir=1.0, dotLife=50.0, dotSize=7.0, element=None, fieldAnchor=UNKNOWN, fieldPos=array([0., 0.]), fieldShape='circle', fieldSize=array([1., 1.]), nDots=200, name='dots', noiseDots='direction', opacity=1.0, rgb=UNKNOWN, signalDots='same', speed=1.0, units='height', win=Window(...))
11.2895 	EXP 	window1: mouseVisible = True
11.2902 	EXP 	Created textBlank500 = TextStim(__class__=<class 'psychopy.visual.text.TextStim'>, alignHoriz=method-wrapper(...), alignText='center', alignVert=method-wrapper(...), anchorHoriz='center', anchorVert='center', antialias=True, autoDraw=False, autoLog=True, bold=False, color=array([1., 1., 1.]), colorSpace='rgb', contrast=1.0, depth=0.0, draggable=False, flipHoriz=False, flipVert=False, font='Open Sans', fontFiles=[], height=0.05, italic=False, languageStyle='LTR', name='textBlank500', opacity=1.0, ori=0.0, pos=array([0., 0.]), rgb=UNKNOWN, text='', units='height', win=Window(...), wrapWidth=1)
11.2903 	EXP 	window1: mouseVisible = True
11.2910 	EXP 	Created polygon = ShapeStim(__class__=<class 'psychopy.visual.shape.ShapeStim'>, anchor=('center', 'center'), autoDraw=False, autoLog=True, closeShape=True, color=method-wrapper(...), colorSpace='rgb', contrast=None, depth=-1.0, draggable=False, fillColor=array([1, 1, 1]), fillColorSpace='rgb', fillRGB=array([1, 1, 1]), interpolate=True, lineColor=array([-1., -1., -1.]), lineColorSpace='rgb', lineRGB=array([-1., -1., -1.]), lineWidth=0.3, name='polygon', opacity=1.0, ori=0.0, pos=array([0., 0.]), size=array([0.06, 0.06]), units='height', vertices=ndarray(...), win=Window(...), windingRule=None)
11.2911 	EXP 	window1: mouseVisible = True
11.2981 	EXP 	Created Goodbye = TextStim(__class__=<class 'psychopy.visual.text.TextStim'>, alignHoriz=method-wrapper(...), alignText='center', alignVert=method-wrapper(...), anchorHoriz='center', anchorVert='center', antialias=True, autoDraw=False, autoLog=True, bold=False, color=array([1., 1., 1.]), colorSpace='rgb', contrast=1.0, depth=0.0, draggable=False, flipHoriz=False, flipVert=False, font='Open Sans', fontFiles=[], height=0.05, italic=False, languageStyle='LTR', name='Goodbye', opacity=1.0, ori=0.0, pos=array([0., 0.]), rgb=UNKNOWN, text='任务结束，谢谢你的参加！\n\n请按“空格键”退出', units='height', win=Window(...), wrapWidth=1)
0.0474 	EXP 	Welcome: autoDraw = True
1.1481 	EXP 	Welcome: autoDraw = False
1.1481 	EXP 	textBlank500: autoDraw = True
1.1481 	EXP 	polygon: autoDraw = True
1.6500 	EXP 	Imported RDK.xlsx as conditions, 16 conditions, 5 params
1.6507 	EXP 	Created sequence: random, trialTypes=16, nReps=4, seed=None
1.6509 	EXP 	New trial (rep=0, index=0): {'Dotsspeed': 0.01, 'Dotsdirec': 270, 'Dotscoherence': 0.1, 'DotsNum': 1, 'corrAns': 'left'}
1.6547 	EXP 	textBlank500: autoDraw = False
1.6547 	EXP 	polygon: autoDraw = False
1.6547 	EXP 	textBlank500: autoDraw = False
1.6547 	EXP 	polygon: autoDraw = False
1.6547 	EXP 	dots: dir = 270.0
1.6547 	EXP 	dots: speed = 0.01
1.6547 	EXP 	dots: coherence = 0.1
1.6547 	EXP 	dots: autoDraw = True
6.6653 	EXP 	dots: autoDraw = False
6.6653 	EXP 	textBlank500: autoDraw = True
6.6653 	EXP 	polygon: autoDraw = True
7.1488 	EXP 	New trial (rep=0, index=1): {'Dotsspeed': 0.01, 'Dotsdirec': 180, 'Dotscoherence': 0.1, 'DotsNum': 1, 'corrAns': 'down'}
7.1651 	EXP 	textBlank500: autoDraw = False
7.1651 	EXP 	polygon: autoDraw = False
7.1651 	EXP 	dots: dir = 180.0
7.1651 	EXP 	dots: speed = 0.01
7.1651 	EXP 	dots: coherence = 0.1
7.1651 	EXP 	dots: autoDraw = True
8.6147 	EXP 	dots: autoDraw = False
8.6147 	EXP 	textBlank500: autoDraw = True
8.6147 	EXP 	polygon: autoDraw = True
9.0991 	EXP 	New trial (rep=0, index=2): {'Dotsspeed': 0.05, 'Dotsdirec': 180, 'Dotscoherence': 0.8, 'DotsNum': 1, 'corrAns': 'left'}
9.1148 	EXP 	textBlank500: autoDraw = False
9.1148 	EXP 	polygon: autoDraw = False
9.1148 	EXP 	textBlank500: autoDraw = False
9.1148 	EXP 	polygon: autoDraw = False
9.1148 	EXP 	dots: dir = 180.0
9.1148 	EXP 	dots: speed = 0.05
9.1148 	EXP 	dots: coherence = 0.8
9.1148 	EXP 	dots: autoDraw = True
9.7815 	EXP 	dots: autoDraw = False
9.7815 	EXP 	textBlank500: autoDraw = True
9.7815 	EXP 	polygon: autoDraw = True
10.2656 	EXP 	New trial (rep=0, index=3): {'Dotsspeed': 0.01, 'Dotsdirec': 0, 'Dotscoherence': 0.1, 'DotsNum': 1, 'corrAns': 'right'}
10.2813 	EXP 	textBlank500: autoDraw = False
10.2813 	EXP 	polygon: autoDraw = False
10.2813 	EXP 	textBlank500: autoDraw = False
10.2813 	EXP 	polygon: autoDraw = False
10.2813 	EXP 	dots: dir = 0.0
10.2813 	EXP 	dots: speed = 0.01
10.2813 	EXP 	dots: coherence = 0.1
10.2813 	EXP 	dots: autoDraw = True
12.6656 	EXP 	dots: autoDraw = False
12.6656 	EXP 	textBlank500: autoDraw = True
12.6656 	EXP 	polygon: autoDraw = True
13.1492 	EXP 	New trial (rep=0, index=4): {'Dotsspeed': 0.01, 'Dotsdirec': 180, 'Dotscoherence': 0.1, 'DotsNum': 1, 'corrAns': 'down'}
13.1650 	EXP 	textBlank500: autoDraw = False
13.1650 	EXP 	polygon: autoDraw = False
13.1650 	EXP 	textBlank500: autoDraw = False
13.1650 	EXP 	polygon: autoDraw = False
13.1650 	EXP 	dots: dir = 180.0
13.1650 	EXP 	dots: speed = 0.01
13.1650 	EXP 	dots: coherence = 0.1
13.1650 	EXP 	dots: autoDraw = True
15.6648 	EXP 	dots: autoDraw = False
15.6648 	EXP 	textBlank500: autoDraw = True
15.6648 	EXP 	polygon: autoDraw = True
16.1493 	EXP 	New trial (rep=0, index=5): {'Dotsspeed': 0.01, 'Dotsdirec': 270, 'Dotscoherence': 0.1, 'DotsNum': 1, 'corrAns': 'left'}
16.1649 	EXP 	textBlank500: autoDraw = False
16.1649 	EXP 	polygon: autoDraw = False
16.1649 	EXP 	textBlank500: autoDraw = False
16.1649 	EXP 	polygon: autoDraw = False
16.1649 	EXP 	dots: dir = 270.0
16.1649 	EXP 	dots: speed = 0.01
16.1649 	EXP 	dots: coherence = 0.1
16.1649 	EXP 	dots: autoDraw = True
17.4640 	EXP 	dots: autoDraw = False
17.4640 	EXP 	textBlank500: autoDraw = True
17.4640 	EXP 	polygon: autoDraw = True
17.9481 	EXP 	New trial (rep=0, index=6): {'Dotsspeed': 0.05, 'Dotsdirec': 90, 'Dotscoherence': 0.8, 'DotsNum': 1, 'corrAns': 'right'}
17.9644 	EXP 	textBlank500: autoDraw = False
17.9644 	EXP 	polygon: autoDraw = False
17.9644 	EXP 	textBlank500: autoDraw = False
17.9644 	EXP 	polygon: autoDraw = False
17.9644 	EXP 	dots: dir = 90.0
17.9644 	EXP 	dots: speed = 0.05
17.9644 	EXP 	dots: coherence = 0.8
17.9644 	EXP 	dots: autoDraw = True
18.5973 	EXP 	dots: autoDraw = False
18.5973 	EXP 	textBlank500: autoDraw = True
18.5973 	EXP 	polygon: autoDraw = True
19.0822 	EXP 	New trial (rep=0, index=7): {'Dotsspeed': 0.05, 'Dotsdirec': 0, 'Dotscoherence': 0.8, 'DotsNum': 1, 'corrAns': 'up'}
19.0982 	EXP 	textBlank500: autoDraw = False
19.0982 	EXP 	polygon: autoDraw = False
19.0982 	EXP 	textBlank500: autoDraw = False
19.0982 	EXP 	polygon: autoDraw = False
19.0982 	EXP 	dots: dir = 0.0
19.0982 	EXP 	dots: speed = 0.05
19.0982 	EXP 	dots: coherence = 0.8
19.0982 	EXP 	dots: autoDraw = True
19.5646 	EXP 	dots: autoDraw = False
19.5646 	EXP 	textBlank500: autoDraw = True
19.5646 	EXP 	polygon: autoDraw = True
20.0487 	EXP 	New trial (rep=0, index=8): {'Dotsspeed': 0.05, 'Dotsdirec': 90, 'Dotscoherence': 0.8, 'DotsNum': 1, 'corrAns': 'right'}
20.0647 	EXP 	textBlank500: autoDraw = False
20.0647 	EXP 	polygon: autoDraw = False
20.0647 	EXP 	textBlank500: autoDraw = False
20.0647 	EXP 	polygon: autoDraw = False
20.0647 	EXP 	dots: dir = 90.0
20.0647 	EXP 	dots: speed = 0.05
20.0647 	EXP 	dots: coherence = 0.8
20.0647 	EXP 	dots: autoDraw = True
20.6482 	EXP 	dots: autoDraw = False
20.6482 	EXP 	textBlank500: autoDraw = True
20.6482 	EXP 	polygon: autoDraw = True
21.1324 	EXP 	New trial (rep=0, index=9): {'Dotsspeed': 0.05, 'Dotsdirec': 0, 'Dotscoherence': 0.8, 'DotsNum': 1, 'corrAns': 'up'}
21.1483 	EXP 	textBlank500: autoDraw = False
21.1483 	EXP 	polygon: autoDraw = False
21.1483 	EXP 	textBlank500: autoDraw = False
21.1483 	EXP 	polygon: autoDraw = False
21.1483 	EXP 	dots: dir = 0.0
21.1483 	EXP 	dots: speed = 0.05
21.1483 	EXP 	dots: coherence = 0.8
21.1483 	EXP 	dots: autoDraw = True
21.6488 	EXP 	dots: autoDraw = False
21.6488 	EXP 	textBlank500: autoDraw = True
21.6488 	EXP 	polygon: autoDraw = True
22.1325 	EXP 	New trial (rep=0, index=10): {'Dotsspeed': 0.05, 'Dotsdirec': 180, 'Dotscoherence': 0.8, 'DotsNum': 1, 'corrAns': 'left'}
22.1482 	EXP 	textBlank500: autoDraw = False
22.1482 	EXP 	polygon: autoDraw = False
22.1482 	EXP 	textBlank500: autoDraw = False
22.1482 	EXP 	polygon: autoDraw = False
22.1482 	EXP 	dots: dir = 180.0
22.1482 	EXP 	dots: speed = 0.05
22.1482 	EXP 	dots: coherence = 0.8
22.1482 	EXP 	dots: autoDraw = True
22.5989 	EXP 	dots: autoDraw = False
22.5989 	EXP 	textBlank500: autoDraw = True
22.5989 	EXP 	polygon: autoDraw = True
23.0823 	EXP 	New trial (rep=0, index=11): {'Dotsspeed': 0.01, 'Dotsdirec': 0, 'Dotscoherence': 0.1, 'DotsNum': 1, 'corrAns': 'right'}
23.0982 	EXP 	textBlank500: autoDraw = False
23.0982 	EXP 	polygon: autoDraw = False
23.0982 	EXP 	textBlank500: autoDraw = False
23.0982 	EXP 	polygon: autoDraw = False
23.0982 	EXP 	dots: dir = 0.0
23.0982 	EXP 	dots: speed = 0.01
23.0982 	EXP 	dots: coherence = 0.1
23.0982 	EXP 	dots: autoDraw = True
24.0817 	EXP 	dots: autoDraw = False
24.0817 	EXP 	textBlank500: autoDraw = True
24.0817 	EXP 	polygon: autoDraw = True
24.5656 	EXP 	New trial (rep=0, index=12): {'Dotsspeed': 0.01, 'Dotsdirec': 90, 'Dotscoherence': 0.1, 'DotsNum': 1, 'corrAns': 'up'}
24.5815 	EXP 	textBlank500: autoDraw = False
24.5815 	EXP 	polygon: autoDraw = False
24.5815 	EXP 	textBlank500: autoDraw = False
24.5815 	EXP 	polygon: autoDraw = False
24.5815 	EXP 	dots: dir = 90.0
24.5815 	EXP 	dots: speed = 0.01
24.5815 	EXP 	dots: coherence = 0.1
24.5815 	EXP 	dots: autoDraw = True
27.4818 	EXP 	dots: autoDraw = False
27.4818 	EXP 	textBlank500: autoDraw = True
27.4818 	EXP 	polygon: autoDraw = True
27.9660 	EXP 	New trial (rep=0, index=13): {'Dotsspeed': 0.05, 'Dotsdirec': 270, 'Dotscoherence': 0.8, 'DotsNum': 1, 'corrAns': 'down'}
27.9815 	EXP 	textBlank500: autoDraw = False
27.9815 	EXP 	polygon: autoDraw = False
27.9815 	EXP 	textBlank500: autoDraw = False
27.9815 	EXP 	polygon: autoDraw = False
27.9815 	EXP 	dots: dir = 270.0
27.9815 	EXP 	dots: speed = 0.05
27.9815 	EXP 	dots: coherence = 0.8
27.9815 	EXP 	dots: autoDraw = True
28.6320 	EXP 	dots: autoDraw = False
28.6320 	EXP 	textBlank500: autoDraw = True
28.6320 	EXP 	polygon: autoDraw = True
29.1160 	EXP 	New trial (rep=0, index=14): {'Dotsspeed': 0.01, 'Dotsdirec': 90, 'Dotscoherence': 0.1, 'DotsNum': 1, 'corrAns': 'up'}
29.1317 	EXP 	textBlank500: autoDraw = False
29.1317 	EXP 	polygon: autoDraw = False
29.1317 	EXP 	textBlank500: autoDraw = False
29.1317 	EXP 	polygon: autoDraw = False
29.1317 	EXP 	dots: dir = 90.0
29.1317 	EXP 	dots: speed = 0.01
29.1317 	EXP 	dots: coherence = 0.1
29.1317 	EXP 	dots: autoDraw = True
29.9489 	EXP 	dots: autoDraw = False
29.9489 	EXP 	textBlank500: autoDraw = True
29.9489 	EXP 	polygon: autoDraw = True
30.4327 	EXP 	New trial (rep=0, index=15): {'Dotsspeed': 0.05, 'Dotsdirec': 270, 'Dotscoherence': 0.8, 'DotsNum': 1, 'corrAns': 'down'}
30.4485 	EXP 	textBlank500: autoDraw = False
30.4485 	EXP 	polygon: autoDraw = False
30.4485 	EXP 	textBlank500: autoDraw = False
30.4485 	EXP 	polygon: autoDraw = False
30.4485 	EXP 	dots: dir = 270.0
30.4485 	EXP 	dots: speed = 0.05
30.4485 	EXP 	dots: coherence = 0.8
30.4485 	EXP 	dots: autoDraw = True
31.0151 	EXP 	dots: autoDraw = False
31.0151 	EXP 	textBlank500: autoDraw = True
31.0151 	EXP 	polygon: autoDraw = True
31.4992 	EXP 	New trial (rep=1, index=0): {'Dotsspeed': 0.01, 'Dotsdirec': 270, 'Dotscoherence': 0.1, 'DotsNum': 1, 'corrAns': 'left'}
31.5149 	EXP 	textBlank500: autoDraw = False
31.5149 	EXP 	polygon: autoDraw = False
31.5149 	EXP 	textBlank500: autoDraw = False
31.5149 	EXP 	polygon: autoDraw = False
31.5149 	EXP 	dots: dir = 270.0
31.5149 	EXP 	dots: speed = 0.01
31.5149 	EXP 	dots: coherence = 0.1
31.5149 	EXP 	dots: autoDraw = True
34.9314 	EXP 	dots: autoDraw = False
34.9314 	EXP 	textBlank500: autoDraw = True
34.9314 	EXP 	polygon: autoDraw = True
35.4147 	EXP 	New trial (rep=1, index=1): {'Dotsspeed': 0.01, 'Dotsdirec': 0, 'Dotscoherence': 0.1, 'DotsNum': 1, 'corrAns': 'right'}
35.4309 	EXP 	textBlank500: autoDraw = False
35.4309 	EXP 	polygon: autoDraw = False
35.4309 	EXP 	textBlank500: autoDraw = False
35.4309 	EXP 	polygon: autoDraw = False
35.4309 	EXP 	dots: dir = 0.0
35.4309 	EXP 	dots: speed = 0.01
35.4309 	EXP 	dots: coherence = 0.1
35.4309 	EXP 	dots: autoDraw = True
37.4310 	EXP 	dots: autoDraw = False
37.4310 	EXP 	textBlank500: autoDraw = True
37.4310 	EXP 	polygon: autoDraw = True
37.9152 	EXP 	New trial (rep=1, index=2): {'Dotsspeed': 0.01, 'Dotsdirec': 180, 'Dotscoherence': 0.1, 'DotsNum': 1, 'corrAns': 'down'}
37.9318 	EXP 	textBlank500: autoDraw = False
37.9318 	EXP 	polygon: autoDraw = False
37.9318 	EXP 	dots: dir = 180.0
37.9318 	EXP 	dots: speed = 0.01
37.9318 	EXP 	dots: coherence = 0.1
37.9318 	EXP 	dots: autoDraw = True
38.8816 	EXP 	dots: autoDraw = False
38.8816 	EXP 	textBlank500: autoDraw = True
38.8816 	EXP 	polygon: autoDraw = True
39.3650 	EXP 	New trial (rep=1, index=3): {'Dotsspeed': 0.05, 'Dotsdirec': 90, 'Dotscoherence': 0.8, 'DotsNum': 1, 'corrAns': 'right'}
39.3814 	EXP 	textBlank500: autoDraw = False
39.3814 	EXP 	polygon: autoDraw = False
39.3814 	EXP 	textBlank500: autoDraw = False
39.3814 	EXP 	polygon: autoDraw = False
39.3814 	EXP 	dots: dir = 90.0
39.3814 	EXP 	dots: speed = 0.05
39.3814 	EXP 	dots: coherence = 0.8
39.3814 	EXP 	dots: autoDraw = True
39.9809 	EXP 	dots: autoDraw = False
39.9809 	EXP 	textBlank500: autoDraw = True
39.9809 	EXP 	polygon: autoDraw = True
40.4656 	EXP 	New trial (rep=1, index=4): {'Dotsspeed': 0.05, 'Dotsdirec': 180, 'Dotscoherence': 0.8, 'DotsNum': 1, 'corrAns': 'left'}
40.4814 	EXP 	textBlank500: autoDraw = False
40.4814 	EXP 	polygon: autoDraw = False
40.4814 	EXP 	textBlank500: autoDraw = False
40.4814 	EXP 	polygon: autoDraw = False
40.4814 	EXP 	dots: dir = 180.0
40.4814 	EXP 	dots: speed = 0.05
40.4814 	EXP 	dots: coherence = 0.8
40.4814 	EXP 	dots: autoDraw = True
40.9813 	EXP 	dots: autoDraw = False
40.9813 	EXP 	textBlank500: autoDraw = True
40.9813 	EXP 	polygon: autoDraw = True
41.4657 	EXP 	New trial (rep=1, index=5): {'Dotsspeed': 0.05, 'Dotsdirec': 0, 'Dotscoherence': 0.8, 'DotsNum': 1, 'corrAns': 'up'}
41.4815 	EXP 	textBlank500: autoDraw = False
41.4815 	EXP 	polygon: autoDraw = False
41.4815 	EXP 	textBlank500: autoDraw = False
41.4815 	EXP 	polygon: autoDraw = False
41.4815 	EXP 	dots: dir = 0.0
41.4815 	EXP 	dots: speed = 0.05
41.4815 	EXP 	dots: coherence = 0.8
41.4815 	EXP 	dots: autoDraw = True
41.9161 	EXP 	dots: autoDraw = False
41.9161 	EXP 	textBlank500: autoDraw = True
41.9161 	EXP 	polygon: autoDraw = True
42.4162 	EXP 	New trial (rep=1, index=6): {'Dotsspeed': 0.05, 'Dotsdirec': 0, 'Dotscoherence': 0.8, 'DotsNum': 1, 'corrAns': 'up'}
42.4323 	EXP 	textBlank500: autoDraw = False
42.4323 	EXP 	polygon: autoDraw = False
42.4323 	EXP 	dots: dir = 0.0
42.4323 	EXP 	dots: speed = 0.05
42.4323 	EXP 	dots: coherence = 0.8
42.4323 	EXP 	dots: autoDraw = True
42.8826 	EXP 	dots: autoDraw = False
42.8826 	EXP 	textBlank500: autoDraw = True
42.8826 	EXP 	polygon: autoDraw = True
43.3826 	EXP 	New trial (rep=1, index=7): {'Dotsspeed': 0.01, 'Dotsdirec': 270, 'Dotscoherence': 0.1, 'DotsNum': 1, 'corrAns': 'left'}
43.3980 	EXP 	textBlank500: autoDraw = False
43.3980 	EXP 	polygon: autoDraw = False
43.3980 	EXP 	dots: dir = 270.0
43.3980 	EXP 	dots: speed = 0.01
43.3980 	EXP 	dots: coherence = 0.1
43.3980 	EXP 	dots: autoDraw = True
44.2150 	EXP 	dots: autoDraw = False
44.2150 	EXP 	textBlank500: autoDraw = True
44.2150 	EXP 	polygon: autoDraw = True
44.6994 	EXP 	New trial (rep=1, index=8): {'Dotsspeed': 0.01, 'Dotsdirec': 90, 'Dotscoherence': 0.1, 'DotsNum': 1, 'corrAns': 'up'}
44.7148 	EXP 	textBlank500: autoDraw = False
44.7148 	EXP 	polygon: autoDraw = False
44.7148 	EXP 	textBlank500: autoDraw = False
44.7148 	EXP 	polygon: autoDraw = False
44.7148 	EXP 	dots: dir = 90.0
44.7148 	EXP 	dots: speed = 0.01
44.7148 	EXP 	dots: coherence = 0.1
44.7148 	EXP 	dots: autoDraw = True
47.3485 	EXP 	dots: autoDraw = False
47.3485 	EXP 	textBlank500: autoDraw = True
47.3485 	EXP 	polygon: autoDraw = True
47.8325 	EXP 	New trial (rep=1, index=9): {'Dotsspeed': 0.05, 'Dotsdirec': 270, 'Dotscoherence': 0.8, 'DotsNum': 1, 'corrAns': 'down'}
47.8482 	EXP 	textBlank500: autoDraw = False
47.8482 	EXP 	polygon: autoDraw = False
47.8482 	EXP 	textBlank500: autoDraw = False
47.8482 	EXP 	polygon: autoDraw = False
47.8482 	EXP 	dots: dir = 270.0
47.8482 	EXP 	dots: speed = 0.05
47.8482 	EXP 	dots: coherence = 0.8
47.8482 	EXP 	dots: autoDraw = True
48.3816 	EXP 	dots: autoDraw = False
48.3816 	EXP 	textBlank500: autoDraw = True
48.3816 	EXP 	polygon: autoDraw = True
48.8658 	EXP 	New trial (rep=1, index=10): {'Dotsspeed': 0.01, 'Dotsdirec': 0, 'Dotscoherence': 0.1, 'DotsNum': 1, 'corrAns': 'right'}
48.8815 	EXP 	textBlank500: autoDraw = False
48.8815 	EXP 	polygon: autoDraw = False
48.8815 	EXP 	textBlank500: autoDraw = False
48.8815 	EXP 	polygon: autoDraw = False
48.8815 	EXP 	dots: dir = 0.0
48.8815 	EXP 	dots: speed = 0.01
48.8815 	EXP 	dots: coherence = 0.1
48.8815 	EXP 	dots: autoDraw = True
50.3143 	EXP 	dots: autoDraw = False
50.3143 	EXP 	textBlank500: autoDraw = True
50.3143 	EXP 	polygon: autoDraw = True
50.7980 	EXP 	New trial (rep=1, index=11): {'Dotsspeed': 0.01, 'Dotsdirec': 180, 'Dotscoherence': 0.1, 'DotsNum': 1, 'corrAns': 'down'}
50.8142 	EXP 	textBlank500: autoDraw = False
50.8142 	EXP 	polygon: autoDraw = False
50.8142 	EXP 	textBlank500: autoDraw = False
50.8142 	EXP 	polygon: autoDraw = False
50.8142 	EXP 	dots: dir = 180.0
50.8142 	EXP 	dots: speed = 0.01
50.8142 	EXP 	dots: coherence = 0.1
50.8142 	EXP 	dots: autoDraw = True
51.5309 	EXP 	dots: autoDraw = False
51.5309 	EXP 	textBlank500: autoDraw = True
51.5309 	EXP 	polygon: autoDraw = True
52.0146 	EXP 	New trial (rep=1, index=12): {'Dotsspeed': 0.05, 'Dotsdirec': 180, 'Dotscoherence': 0.8, 'DotsNum': 1, 'corrAns': 'left'}
52.0309 	EXP 	textBlank500: autoDraw = False
52.0309 	EXP 	polygon: autoDraw = False
52.0309 	EXP 	textBlank500: autoDraw = False
52.0309 	EXP 	polygon: autoDraw = False
52.0309 	EXP 	dots: dir = 180.0
52.0309 	EXP 	dots: speed = 0.05
52.0309 	EXP 	dots: coherence = 0.8
52.0309 	EXP 	dots: autoDraw = True
52.6163 	EXP 	dots: autoDraw = False
52.6163 	EXP 	textBlank500: autoDraw = True
52.6163 	EXP 	polygon: autoDraw = True
53.1156 	EXP 	New trial (rep=1, index=13): {'Dotsspeed': 0.05, 'Dotsdirec': 90, 'Dotscoherence': 0.8, 'DotsNum': 1, 'corrAns': 'right'}
53.1320 	EXP 	textBlank500: autoDraw = False
53.1320 	EXP 	polygon: autoDraw = False
53.1320 	EXP 	dots: dir = 90.0
53.1320 	EXP 	dots: speed = 0.05
53.1320 	EXP 	dots: coherence = 0.8
53.1320 	EXP 	dots: autoDraw = True
53.5651 	EXP 	dots: autoDraw = False
53.5651 	EXP 	textBlank500: autoDraw = True
53.5651 	EXP 	polygon: autoDraw = True
54.0508 	EXP 	New trial (rep=1, index=14): {'Dotsspeed': 0.05, 'Dotsdirec': 270, 'Dotscoherence': 0.8, 'DotsNum': 1, 'corrAns': 'down'}
54.0649 	EXP 	textBlank500: autoDraw = False
54.0649 	EXP 	polygon: autoDraw = False
54.0649 	EXP 	textBlank500: autoDraw = False
54.0649 	EXP 	polygon: autoDraw = False
54.0649 	EXP 	dots: dir = 270.0
54.0649 	EXP 	dots: speed = 0.05
54.0649 	EXP 	dots: coherence = 0.8
54.0649 	EXP 	dots: autoDraw = True
54.5818 	EXP 	dots: autoDraw = False
54.5818 	EXP 	textBlank500: autoDraw = True
54.5818 	EXP 	polygon: autoDraw = True
55.0654 	EXP 	New trial (rep=1, index=15): {'Dotsspeed': 0.01, 'Dotsdirec': 90, 'Dotscoherence': 0.1, 'DotsNum': 1, 'corrAns': 'up'}
55.0857 	EXP 	textBlank500: autoDraw = False
55.0857 	EXP 	polygon: autoDraw = False
55.0857 	EXP 	textBlank500: autoDraw = False
55.0857 	EXP 	polygon: autoDraw = False
55.0857 	EXP 	dots: dir = 90.0
55.0857 	EXP 	dots: speed = 0.01
55.0857 	EXP 	dots: coherence = 0.1
55.0857 	EXP 	dots: autoDraw = True
59.7478 	EXP 	dots: autoDraw = False
59.7478 	EXP 	textBlank500: autoDraw = True
59.7478 	EXP 	polygon: autoDraw = True
60.2317 	EXP 	New trial (rep=2, index=0): {'Dotsspeed': 0.05, 'Dotsdirec': 180, 'Dotscoherence': 0.8, 'DotsNum': 1, 'corrAns': 'left'}
60.2478 	EXP 	textBlank500: autoDraw = False
60.2478 	EXP 	polygon: autoDraw = False
60.2478 	EXP 	textBlank500: autoDraw = False
60.2478 	EXP 	polygon: autoDraw = False
60.2478 	EXP 	dots: dir = 180.0
60.2478 	EXP 	dots: speed = 0.05
60.2478 	EXP 	dots: coherence = 0.8
60.2478 	EXP 	dots: autoDraw = True
60.7657 	EXP 	dots: autoDraw = False
60.7657 	EXP 	textBlank500: autoDraw = True
60.7657 	EXP 	polygon: autoDraw = True
61.2493 	EXP 	New trial (rep=2, index=1): {'Dotsspeed': 0.01, 'Dotsdirec': 270, 'Dotscoherence': 0.1, 'DotsNum': 1, 'corrAns': 'left'}
61.2651 	EXP 	textBlank500: autoDraw = False
61.2651 	EXP 	polygon: autoDraw = False
61.2651 	EXP 	textBlank500: autoDraw = False
61.2651 	EXP 	polygon: autoDraw = False
61.2651 	EXP 	dots: dir = 270.0
61.2651 	EXP 	dots: speed = 0.01
61.2651 	EXP 	dots: coherence = 0.1
61.2651 	EXP 	dots: autoDraw = True
62.2154 	EXP 	dots: autoDraw = False
62.2154 	EXP 	textBlank500: autoDraw = True
62.2154 	EXP 	polygon: autoDraw = True
62.6994 	EXP 	New trial (rep=2, index=2): {'Dotsspeed': 0.01, 'Dotsdirec': 0, 'Dotscoherence': 0.1, 'DotsNum': 1, 'corrAns': 'right'}
62.7154 	EXP 	textBlank500: autoDraw = False
62.7154 	EXP 	polygon: autoDraw = False
62.7154 	EXP 	textBlank500: autoDraw = False
62.7154 	EXP 	polygon: autoDraw = False
62.7154 	EXP 	dots: dir = 0.0
62.7154 	EXP 	dots: speed = 0.01
62.7154 	EXP 	dots: coherence = 0.1
62.7154 	EXP 	dots: autoDraw = True
63.7653 	EXP 	dots: autoDraw = False
63.7653 	EXP 	textBlank500: autoDraw = True
63.7653 	EXP 	polygon: autoDraw = True
64.2496 	EXP 	New trial (rep=2, index=3): {'Dotsspeed': 0.05, 'Dotsdirec': 90, 'Dotscoherence': 0.8, 'DotsNum': 1, 'corrAns': 'right'}
64.2650 	EXP 	textBlank500: autoDraw = False
64.2650 	EXP 	polygon: autoDraw = False
64.2650 	EXP 	textBlank500: autoDraw = False
64.2650 	EXP 	polygon: autoDraw = False
64.2650 	EXP 	dots: dir = 90.0
64.2650 	EXP 	dots: speed = 0.05
64.2650 	EXP 	dots: coherence = 0.8
64.2650 	EXP 	dots: autoDraw = True
64.9320 	EXP 	dots: autoDraw = False
64.9320 	EXP 	textBlank500: autoDraw = True
64.9320 	EXP 	polygon: autoDraw = True
65.4161 	EXP 	New trial (rep=2, index=4): {'Dotsspeed': 0.05, 'Dotsdirec': 270, 'Dotscoherence': 0.8, 'DotsNum': 1, 'corrAns': 'down'}
65.4318 	EXP 	textBlank500: autoDraw = False
65.4318 	EXP 	polygon: autoDraw = False
65.4318 	EXP 	textBlank500: autoDraw = False
65.4318 	EXP 	polygon: autoDraw = False
65.4318 	EXP 	dots: dir = 270.0
65.4318 	EXP 	dots: speed = 0.05
65.4318 	EXP 	dots: coherence = 0.8
65.4318 	EXP 	dots: autoDraw = True
65.8817 	EXP 	dots: autoDraw = False
65.8817 	EXP 	textBlank500: autoDraw = True
65.8817 	EXP 	polygon: autoDraw = True
66.3662 	EXP 	New trial (rep=2, index=5): {'Dotsspeed': 0.01, 'Dotsdirec': 270, 'Dotscoherence': 0.1, 'DotsNum': 1, 'corrAns': 'left'}
66.3820 	EXP 	textBlank500: autoDraw = False
66.3820 	EXP 	polygon: autoDraw = False
66.3820 	EXP 	textBlank500: autoDraw = False
66.3820 	EXP 	polygon: autoDraw = False
66.3820 	EXP 	dots: dir = 270.0
66.3820 	EXP 	dots: speed = 0.01
66.3820 	EXP 	dots: coherence = 0.1
66.3820 	EXP 	dots: autoDraw = True
68.4478 	EXP 	dots: autoDraw = False
68.4478 	EXP 	textBlank500: autoDraw = True
68.4478 	EXP 	polygon: autoDraw = True
68.9316 	EXP 	New trial (rep=2, index=6): {'Dotsspeed': 0.05, 'Dotsdirec': 270, 'Dotscoherence': 0.8, 'DotsNum': 1, 'corrAns': 'down'}
68.9478 	EXP 	textBlank500: autoDraw = False
68.9478 	EXP 	polygon: autoDraw = False
68.9478 	EXP 	textBlank500: autoDraw = False
68.9478 	EXP 	polygon: autoDraw = False
68.9478 	EXP 	dots: dir = 270.0
68.9478 	EXP 	dots: speed = 0.05
68.9478 	EXP 	dots: coherence = 0.8
68.9478 	EXP 	dots: autoDraw = True
69.4645 	EXP 	dots: autoDraw = False
69.4645 	EXP 	textBlank500: autoDraw = True
69.4645 	EXP 	polygon: autoDraw = True
69.9483 	EXP 	New trial (rep=2, index=7): {'Dotsspeed': 0.01, 'Dotsdirec': 90, 'Dotscoherence': 0.1, 'DotsNum': 1, 'corrAns': 'up'}
69.9645 	EXP 	textBlank500: autoDraw = False
69.9645 	EXP 	polygon: autoDraw = False
69.9645 	EXP 	textBlank500: autoDraw = False
69.9645 	EXP 	polygon: autoDraw = False
69.9645 	EXP 	dots: dir = 90.0
69.9645 	EXP 	dots: speed = 0.01
69.9645 	EXP 	dots: coherence = 0.1
69.9645 	EXP 	dots: autoDraw = True
70.6811 	EXP 	dots: autoDraw = False
70.6811 	EXP 	textBlank500: autoDraw = True
70.6811 	EXP 	polygon: autoDraw = True
71.1648 	EXP 	New trial (rep=2, index=8): {'Dotsspeed': 0.05, 'Dotsdirec': 0, 'Dotscoherence': 0.8, 'DotsNum': 1, 'corrAns': 'up'}
71.1812 	EXP 	textBlank500: autoDraw = False
71.1812 	EXP 	polygon: autoDraw = False
71.1812 	EXP 	textBlank500: autoDraw = False
71.1812 	EXP 	polygon: autoDraw = False
71.1812 	EXP 	dots: dir = 0.0
71.1812 	EXP 	dots: speed = 0.05
71.1812 	EXP 	dots: coherence = 0.8
71.1812 	EXP 	dots: autoDraw = True
71.8478 	EXP 	dots: autoDraw = False
71.8478 	EXP 	textBlank500: autoDraw = True
71.8478 	EXP 	polygon: autoDraw = True
72.3316 	EXP 	New trial (rep=2, index=9): {'Dotsspeed': 0.01, 'Dotsdirec': 180, 'Dotscoherence': 0.1, 'DotsNum': 1, 'corrAns': 'down'}
72.3478 	EXP 	textBlank500: autoDraw = False
72.3478 	EXP 	polygon: autoDraw = False
72.3478 	EXP 	textBlank500: autoDraw = False
72.3478 	EXP 	polygon: autoDraw = False
72.3478 	EXP 	dots: dir = 180.0
72.3478 	EXP 	dots: speed = 0.01
72.3478 	EXP 	dots: coherence = 0.1
72.3478 	EXP 	dots: autoDraw = True
73.2143 	EXP 	dots: autoDraw = False
73.2143 	EXP 	textBlank500: autoDraw = True
73.2143 	EXP 	polygon: autoDraw = True
73.6984 	EXP 	New trial (rep=2, index=10): {'Dotsspeed': 0.01, 'Dotsdirec': 90, 'Dotscoherence': 0.1, 'DotsNum': 1, 'corrAns': 'up'}
73.7145 	EXP 	textBlank500: autoDraw = False
73.7145 	EXP 	polygon: autoDraw = False
73.7145 	EXP 	textBlank500: autoDraw = False
73.7145 	EXP 	polygon: autoDraw = False
73.7145 	EXP 	dots: dir = 90.0
73.7145 	EXP 	dots: speed = 0.01
73.7145 	EXP 	dots: coherence = 0.1
73.7145 	EXP 	dots: autoDraw = True
77.4144 	EXP 	dots: autoDraw = False
77.4144 	EXP 	textBlank500: autoDraw = True
77.4144 	EXP 	polygon: autoDraw = True
77.8983 	EXP 	New trial (rep=2, index=11): {'Dotsspeed': 0.01, 'Dotsdirec': 180, 'Dotscoherence': 0.1, 'DotsNum': 1, 'corrAns': 'down'}
77.9144 	EXP 	textBlank500: autoDraw = False
77.9144 	EXP 	polygon: autoDraw = False
77.9144 	EXP 	textBlank500: autoDraw = False
77.9144 	EXP 	polygon: autoDraw = False
77.9144 	EXP 	dots: dir = 180.0
77.9144 	EXP 	dots: speed = 0.01
77.9144 	EXP 	dots: coherence = 0.1
77.9144 	EXP 	dots: autoDraw = True
78.6646 	EXP 	dots: autoDraw = False
78.6646 	EXP 	textBlank500: autoDraw = True
78.6646 	EXP 	polygon: autoDraw = True
79.1483 	EXP 	New trial (rep=2, index=12): {'Dotsspeed': 0.05, 'Dotsdirec': 90, 'Dotscoherence': 0.8, 'DotsNum': 1, 'corrAns': 'right'}
79.1645 	EXP 	textBlank500: autoDraw = False
79.1645 	EXP 	polygon: autoDraw = False
79.1645 	EXP 	textBlank500: autoDraw = False
79.1645 	EXP 	polygon: autoDraw = False
79.1645 	EXP 	dots: dir = 90.0
79.1645 	EXP 	dots: speed = 0.05
79.1645 	EXP 	dots: coherence = 0.8
79.1645 	EXP 	dots: autoDraw = True
79.6980 	EXP 	dots: autoDraw = False
79.6980 	EXP 	textBlank500: autoDraw = True
79.6980 	EXP 	polygon: autoDraw = True
80.1816 	EXP 	New trial (rep=2, index=13): {'Dotsspeed': 0.05, 'Dotsdirec': 0, 'Dotscoherence': 0.8, 'DotsNum': 1, 'corrAns': 'up'}
80.1979 	EXP 	textBlank500: autoDraw = False
80.1979 	EXP 	polygon: autoDraw = False
80.1979 	EXP 	textBlank500: autoDraw = False
80.1979 	EXP 	polygon: autoDraw = False
80.1979 	EXP 	dots: dir = 0.0
80.1979 	EXP 	dots: speed = 0.05
80.1979 	EXP 	dots: coherence = 0.8
80.1979 	EXP 	dots: autoDraw = True
80.5978 	EXP 	dots: autoDraw = False
80.5978 	EXP 	textBlank500: autoDraw = True
80.5978 	EXP 	polygon: autoDraw = True
81.0817 	EXP 	New trial (rep=2, index=14): {'Dotsspeed': 0.05, 'Dotsdirec': 180, 'Dotscoherence': 0.8, 'DotsNum': 1, 'corrAns': 'left'}
81.0978 	EXP 	textBlank500: autoDraw = False
81.0978 	EXP 	polygon: autoDraw = False
81.0978 	EXP 	textBlank500: autoDraw = False
81.0978 	EXP 	polygon: autoDraw = False
81.0978 	EXP 	dots: dir = 180.0
81.0978 	EXP 	dots: speed = 0.05
81.0978 	EXP 	dots: coherence = 0.8
81.0978 	EXP 	dots: autoDraw = True
81.4978 	EXP 	dots: autoDraw = False
81.4978 	EXP 	textBlank500: autoDraw = True
81.4978 	EXP 	polygon: autoDraw = True
81.9817 	EXP 	New trial (rep=2, index=15): {'Dotsspeed': 0.01, 'Dotsdirec': 0, 'Dotscoherence': 0.1, 'DotsNum': 1, 'corrAns': 'right'}
81.9979 	EXP 	textBlank500: autoDraw = False
81.9979 	EXP 	polygon: autoDraw = False
81.9979 	EXP 	textBlank500: autoDraw = False
81.9979 	EXP 	polygon: autoDraw = False
81.9979 	EXP 	dots: dir = 0.0
81.9979 	EXP 	dots: speed = 0.01
81.9979 	EXP 	dots: coherence = 0.1
81.9979 	EXP 	dots: autoDraw = True
82.7315 	EXP 	dots: autoDraw = False
82.7315 	EXP 	textBlank500: autoDraw = True
82.7315 	EXP 	polygon: autoDraw = True
83.2152 	EXP 	New trial (rep=3, index=0): {'Dotsspeed': 0.05, 'Dotsdirec': 90, 'Dotscoherence': 0.8, 'DotsNum': 1, 'corrAns': 'right'}
83.2313 	EXP 	textBlank500: autoDraw = False
83.2313 	EXP 	polygon: autoDraw = False
83.2313 	EXP 	textBlank500: autoDraw = False
83.2313 	EXP 	polygon: autoDraw = False
83.2313 	EXP 	dots: dir = 90.0
83.2313 	EXP 	dots: speed = 0.05
83.2313 	EXP 	dots: coherence = 0.8
83.2313 	EXP 	dots: autoDraw = True
83.6646 	EXP 	dots: autoDraw = False
83.6646 	EXP 	textBlank500: autoDraw = True
83.6646 	EXP 	polygon: autoDraw = True
84.1484 	EXP 	New trial (rep=3, index=1): {'Dotsspeed': 0.01, 'Dotsdirec': 180, 'Dotscoherence': 0.1, 'DotsNum': 1, 'corrAns': 'down'}
84.1646 	EXP 	textBlank500: autoDraw = False
84.1646 	EXP 	polygon: autoDraw = False
84.1646 	EXP 	textBlank500: autoDraw = False
84.1646 	EXP 	polygon: autoDraw = False
84.1646 	EXP 	dots: dir = 180.0
84.1646 	EXP 	dots: speed = 0.01
84.1646 	EXP 	dots: coherence = 0.1
84.1646 	EXP 	dots: autoDraw = True
84.8648 	EXP 	dots: autoDraw = False
84.8648 	EXP 	textBlank500: autoDraw = True
84.8648 	EXP 	polygon: autoDraw = True
85.3487 	EXP 	New trial (rep=3, index=2): {'Dotsspeed': 0.01, 'Dotsdirec': 180, 'Dotscoherence': 0.1, 'DotsNum': 1, 'corrAns': 'down'}
85.3647 	EXP 	textBlank500: autoDraw = False
85.3647 	EXP 	polygon: autoDraw = False
85.3647 	EXP 	textBlank500: autoDraw = False
85.3647 	EXP 	polygon: autoDraw = False
85.3647 	EXP 	dots: dir = 180.0
85.3647 	EXP 	dots: speed = 0.01
85.3647 	EXP 	dots: coherence = 0.1
85.3647 	EXP 	dots: autoDraw = True
85.8480 	EXP 	dots: autoDraw = False
85.8480 	EXP 	textBlank500: autoDraw = True
85.8480 	EXP 	polygon: autoDraw = True
86.3327 	EXP 	New trial (rep=3, index=3): {'Dotsspeed': 0.05, 'Dotsdirec': 0, 'Dotscoherence': 0.8, 'DotsNum': 1, 'corrAns': 'up'}
86.3487 	EXP 	textBlank500: autoDraw = False
86.3487 	EXP 	polygon: autoDraw = False
86.3487 	EXP 	textBlank500: autoDraw = False
86.3487 	EXP 	polygon: autoDraw = False
86.3487 	EXP 	dots: dir = 0.0
86.3487 	EXP 	dots: speed = 0.05
86.3487 	EXP 	dots: coherence = 0.8
86.3487 	EXP 	dots: autoDraw = True
86.9656 	EXP 	dots: autoDraw = False
86.9656 	EXP 	textBlank500: autoDraw = True
86.9656 	EXP 	polygon: autoDraw = True
87.4496 	EXP 	New trial (rep=3, index=4): {'Dotsspeed': 0.01, 'Dotsdirec': 270, 'Dotscoherence': 0.1, 'DotsNum': 1, 'corrAns': 'left'}
87.4653 	EXP 	textBlank500: autoDraw = False
87.4653 	EXP 	polygon: autoDraw = False
87.4653 	EXP 	textBlank500: autoDraw = False
87.4653 	EXP 	polygon: autoDraw = False
87.4653 	EXP 	dots: dir = 270.0
87.4653 	EXP 	dots: speed = 0.01
87.4653 	EXP 	dots: coherence = 0.1
87.4653 	EXP 	dots: autoDraw = True
88.3156 	EXP 	dots: autoDraw = False
88.3156 	EXP 	textBlank500: autoDraw = True
88.3156 	EXP 	polygon: autoDraw = True
88.7995 	EXP 	New trial (rep=3, index=5): {'Dotsspeed': 0.01, 'Dotsdirec': 90, 'Dotscoherence': 0.1, 'DotsNum': 1, 'corrAns': 'up'}
88.8155 	EXP 	textBlank500: autoDraw = False
88.8155 	EXP 	polygon: autoDraw = False
88.8155 	EXP 	textBlank500: autoDraw = False
88.8155 	EXP 	polygon: autoDraw = False
88.8155 	EXP 	dots: dir = 90.0
88.8155 	EXP 	dots: speed = 0.01
88.8155 	EXP 	dots: coherence = 0.1
88.8155 	EXP 	dots: autoDraw = True
89.5324 	EXP 	dots: autoDraw = False
89.5324 	EXP 	textBlank500: autoDraw = True
89.5324 	EXP 	polygon: autoDraw = True
90.0164 	EXP 	New trial (rep=3, index=6): {'Dotsspeed': 0.05, 'Dotsdirec': 0, 'Dotscoherence': 0.8, 'DotsNum': 1, 'corrAns': 'up'}
90.0321 	EXP 	textBlank500: autoDraw = False
90.0321 	EXP 	polygon: autoDraw = False
90.0321 	EXP 	textBlank500: autoDraw = False
90.0321 	EXP 	polygon: autoDraw = False
90.0321 	EXP 	dots: dir = 0.0
90.0321 	EXP 	dots: speed = 0.05
90.0321 	EXP 	dots: coherence = 0.8
90.0321 	EXP 	dots: autoDraw = True
90.4986 	EXP 	dots: autoDraw = False
90.4986 	EXP 	textBlank500: autoDraw = True
90.4986 	EXP 	polygon: autoDraw = True
90.9828 	EXP 	New trial (rep=3, index=7): {'Dotsspeed': 0.05, 'Dotsdirec': 180, 'Dotscoherence': 0.8, 'DotsNum': 1, 'corrAns': 'left'}
90.9986 	EXP 	textBlank500: autoDraw = False
90.9986 	EXP 	polygon: autoDraw = False
90.9986 	EXP 	textBlank500: autoDraw = False
90.9986 	EXP 	polygon: autoDraw = False
90.9986 	EXP 	dots: dir = 180.0
90.9986 	EXP 	dots: speed = 0.05
90.9986 	EXP 	dots: coherence = 0.8
90.9986 	EXP 	dots: autoDraw = True
91.4322 	EXP 	dots: autoDraw = False
91.4322 	EXP 	textBlank500: autoDraw = True
91.4322 	EXP 	polygon: autoDraw = True
91.9161 	EXP 	New trial (rep=3, index=8): {'Dotsspeed': 0.05, 'Dotsdirec': 270, 'Dotscoherence': 0.8, 'DotsNum': 1, 'corrAns': 'down'}
91.9320 	EXP 	textBlank500: autoDraw = False
91.9320 	EXP 	polygon: autoDraw = False
91.9320 	EXP 	textBlank500: autoDraw = False
91.9320 	EXP 	polygon: autoDraw = False
91.9320 	EXP 	dots: dir = 270.0
91.9320 	EXP 	dots: speed = 0.05
91.9320 	EXP 	dots: coherence = 0.8
91.9320 	EXP 	dots: autoDraw = True
92.4317 	EXP 	dots: autoDraw = False
92.4317 	EXP 	textBlank500: autoDraw = True
92.4317 	EXP 	polygon: autoDraw = True
92.9154 	EXP 	New trial (rep=3, index=9): {'Dotsspeed': 0.05, 'Dotsdirec': 270, 'Dotscoherence': 0.8, 'DotsNum': 1, 'corrAns': 'down'}
92.9313 	EXP 	textBlank500: autoDraw = False
92.9313 	EXP 	polygon: autoDraw = False
92.9313 	EXP 	textBlank500: autoDraw = False
92.9313 	EXP 	polygon: autoDraw = False
92.9313 	EXP 	dots: dir = 270.0
92.9313 	EXP 	dots: speed = 0.05
92.9313 	EXP 	dots: coherence = 0.8
92.9313 	EXP 	dots: autoDraw = True
93.4146 	EXP 	dots: autoDraw = False
93.4146 	EXP 	textBlank500: autoDraw = True
93.4146 	EXP 	polygon: autoDraw = True
93.8984 	EXP 	New trial (rep=3, index=10): {'Dotsspeed': 0.01, 'Dotsdirec': 0, 'Dotscoherence': 0.1, 'DotsNum': 1, 'corrAns': 'right'}
93.9148 	EXP 	textBlank500: autoDraw = False
93.9148 	EXP 	polygon: autoDraw = False
93.9148 	EXP 	textBlank500: autoDraw = False
93.9148 	EXP 	polygon: autoDraw = False
93.9148 	EXP 	dots: dir = 0.0
93.9148 	EXP 	dots: speed = 0.01
93.9148 	EXP 	dots: coherence = 0.1
93.9148 	EXP 	dots: autoDraw = True
94.5980 	EXP 	dots: autoDraw = False
94.5980 	EXP 	textBlank500: autoDraw = True
94.5980 	EXP 	polygon: autoDraw = True
95.0818 	EXP 	New trial (rep=3, index=11): {'Dotsspeed': 0.05, 'Dotsdirec': 90, 'Dotscoherence': 0.8, 'DotsNum': 1, 'corrAns': 'right'}
95.0979 	EXP 	textBlank500: autoDraw = False
95.0979 	EXP 	polygon: autoDraw = False
95.0979 	EXP 	textBlank500: autoDraw = False
95.0979 	EXP 	polygon: autoDraw = False
95.0979 	EXP 	dots: dir = 90.0
95.0979 	EXP 	dots: speed = 0.05
95.0979 	EXP 	dots: coherence = 0.8
95.0979 	EXP 	dots: autoDraw = True
95.5479 	EXP 	dots: autoDraw = False
95.5479 	EXP 	textBlank500: autoDraw = True
95.5479 	EXP 	polygon: autoDraw = True
96.0316 	EXP 	New trial (rep=3, index=12): {'Dotsspeed': 0.01, 'Dotsdirec': 270, 'Dotscoherence': 0.1, 'DotsNum': 1, 'corrAns': 'left'}
96.0481 	EXP 	textBlank500: autoDraw = False
96.0481 	EXP 	polygon: autoDraw = False
96.0481 	EXP 	textBlank500: autoDraw = False
96.0481 	EXP 	polygon: autoDraw = False
96.0481 	EXP 	dots: dir = 270.0
96.0481 	EXP 	dots: speed = 0.01
96.0481 	EXP 	dots: coherence = 0.1
96.0481 	EXP 	dots: autoDraw = True
96.6479 	EXP 	dots: autoDraw = False
96.6479 	EXP 	textBlank500: autoDraw = True
96.6479 	EXP 	polygon: autoDraw = True
97.1316 	EXP 	New trial (rep=3, index=13): {'Dotsspeed': 0.01, 'Dotsdirec': 90, 'Dotscoherence': 0.1, 'DotsNum': 1, 'corrAns': 'up'}
97.1480 	EXP 	textBlank500: autoDraw = False
97.1480 	EXP 	polygon: autoDraw = False
97.1480 	EXP 	dots: dir = 90.0
97.1480 	EXP 	dots: speed = 0.01
97.1480 	EXP 	dots: coherence = 0.1
97.1480 	EXP 	dots: autoDraw = True
97.8313 	EXP 	dots: autoDraw = False
97.8313 	EXP 	textBlank500: autoDraw = True
97.8313 	EXP 	polygon: autoDraw = True
98.3149 	EXP 	New trial (rep=3, index=14): {'Dotsspeed': 0.05, 'Dotsdirec': 180, 'Dotscoherence': 0.8, 'DotsNum': 1, 'corrAns': 'left'}
98.3312 	EXP 	textBlank500: autoDraw = False
98.3312 	EXP 	polygon: autoDraw = False
98.3312 	EXP 	textBlank500: autoDraw = False
98.3312 	EXP 	polygon: autoDraw = False
98.3312 	EXP 	dots: dir = 180.0
98.3312 	EXP 	dots: speed = 0.05
98.3312 	EXP 	dots: coherence = 0.8
98.3312 	EXP 	dots: autoDraw = True
98.8647 	EXP 	dots: autoDraw = False
98.8647 	EXP 	textBlank500: autoDraw = True
98.8647 	EXP 	polygon: autoDraw = True
99.3486 	EXP 	New trial (rep=3, index=15): {'Dotsspeed': 0.01, 'Dotsdirec': 0, 'Dotscoherence': 0.1, 'DotsNum': 1, 'corrAns': 'right'}
99.3647 	EXP 	textBlank500: autoDraw = False
99.3647 	EXP 	polygon: autoDraw = False
99.3647 	EXP 	textBlank500: autoDraw = False
99.3647 	EXP 	polygon: autoDraw = False
99.3647 	EXP 	dots: dir = 0.0
99.3647 	EXP 	dots: speed = 0.01
99.3647 	EXP 	dots: coherence = 0.1
99.3647 	EXP 	dots: autoDraw = True
100.3147 	EXP 	dots: autoDraw = False
100.3147 	EXP 	textBlank500: autoDraw = True
100.3147 	EXP 	polygon: autoDraw = True
100.8153 	EXP 	textBlank500: autoDraw = False
100.8153 	EXP 	polygon: autoDraw = False
100.8153 	EXP 	textBlank500: autoDraw = False
100.8153 	EXP 	polygon: autoDraw = False
100.8153 	EXP 	Goodbye: autoDraw = True
101.5649 	EXP 	Goodbye: autoDraw = False
101.5650 	EXP 	RDK: status = STOPPED
101.5881 	EXP 	window1: mouseVisible = True
