\BOOKMARK [1][-]{section.1}{\376\377\176\352\213\272}{}% 1
\BOOKMARK [2][-]{subsection.1.1}{\376\377\170\024\172\166\200\314\146\157}{section.1}% 2
\BOOKMARK [2][-]{subsection.1.2}{\376\377\170\024\172\166\166\356\166\204\124\214\141\017\116\111}{section.1}% 3
\BOOKMARK [2][-]{subsection.1.3}{\376\377\170\024\172\166\145\271\154\325}{section.1}% 4
\BOOKMARK [1][-]{section.2}{\376\377\164\006\213\272\127\372\170\100}{}% 5
\BOOKMARK [2][-]{subsection.2.1}{\376\377\210\150\227\142\137\040\122\233}{section.2}% 6
\BOOKMARK [2][-]{subsection.2.2}{\376\377\143\245\211\346\211\322}{section.2}% 7
\BOOKMARK [3][-]{subsubsection.2.2.1}{\376\377\147\150\154\017\143\245\211\346\211\322\116\016\147\150\154\017\145\271\172\013}{subsection.2.2}% 8
\BOOKMARK [2][-]{subsection.2.3}{\376\377\000C\000a\000s\000s\000i\000e\162\266\140\001\124\214\000W\000e\000n\000z\000e\000l\162\266\140\001}{section.2}% 9
\BOOKMARK [3][-]{subsubsection.2.3.1}{\376\377\000C\000a\000s\000s\000i\000e\162\266\140\001}{subsection.2.3}% 10
\BOOKMARK [3][-]{subsubsection.2.3.2}{\376\377\000W\000e\000n\000z\000e\000l\162\266\140\001}{subsection.2.3}% 11
\BOOKMARK [3][-]{subsubsection.2.3.3}{\376\377\000C\000a\000s\000s\000i\000e\152\041\127\213\116\016\000W\000e\000n\000z\000e\000l\152\041\127\213\166\204\164\006\213\272\116\016\123\321\134\125}{subsection.2.3}% 12
\BOOKMARK [2][-]{subsection.2.4}{\376\377\156\332\122\250\211\322}{section.2}% 13
\BOOKMARK [2][-]{subsection.2.5}{\376\377\000Y\000o\000u\000n\000g\000-\000L\000a\000p\000l\000a\000c\000e\145\271\172\013}{section.2}% 14
\BOOKMARK [2][-]{subsection.2.6}{\376\377\000A\000D\000S\000A}{section.2}% 15
\BOOKMARK [1][-]{section.3}{\376\377\170\024\172\166\120\107\213\276}{}% 16
\BOOKMARK [1][-]{section.4}{\376\377\170\024\172\166\217\307\172\013}{}% 17
\BOOKMARK [2][-]{subsection.4.1}{\376\377\133\371\116\216\203\167\123\366\210\150\227\142\140\047\215\050\166\204\143\242\172\166}{section.4}% 18
\BOOKMARK [3][-]{subsubsection.4.1.1}{\376\377\150\067\147\054\221\307\226\306}{subsection.4.1}% 19
\BOOKMARK [3][-]{subsubsection.4.1.2}{\376\377\154\064\156\364\127\050\203\167\123\366\210\150\227\142\166\204\162\266\140\001}{subsection.4.1}% 20
\BOOKMARK [3][-]{subsubsection.4.1.3}{\376\377\116\015\124\014\147\201\140\047\155\262\117\123\127\050\203\167\123\366\210\150\227\142\166\204\162\266\140\001}{subsection.4.1}% 21
\BOOKMARK [3][-]{subsubsection.4.1.4}{\376\377\203\167\123\366\156\332\122\250\211\322\166\204\155\113\221\317}{subsection.4.1}% 22
\BOOKMARK [3][-]{subsubsection.4.1.5}{\376\377\203\167\123\366\210\150\227\142\154\064\156\364\142\100\131\004\162\266\140\001\226\217\145\366\225\364\166\204\166\204\123\330\123\026}{subsection.4.1}% 23
\BOOKMARK [3][-]{subsubsection.4.1.6}{\376\377\203\167\123\366\210\150\227\142\166\204\201\352\156\005\155\001\163\260\214\141}{subsection.4.1}% 24
\BOOKMARK [3][-]{subsubsection.4.1.7}{\376\377\154\064\156\364\127\050\203\167\123\366\210\150\227\142\166\204\144\236\121\373\163\260\214\141}{subsection.4.1}% 25
\BOOKMARK [2][-]{subsection.4.2}{\376\377\133\371\116\216\116\000\202\054\165\217\154\064\210\150\227\142\140\047\215\050\166\204\143\242\172\166}{section.4}% 26
\BOOKMARK [3][-]{subsubsection.4.2.1}{\376\377\164\006\213\272\143\250\133\374}{subsection.4.2}% 27
\BOOKMARK [3][-]{subsubsection.4.2.2}{\376\377\133\236\232\214\145\271\154\325\116\016\217\307\172\013}{subsection.4.2}% 28
\BOOKMARK [3][-]{subsubsection.4.2.3}{\376\377\133\236\232\214\176\323\147\234\116\016\145\160\143\156\131\004\164\006}{subsection.4.2}% 29
\BOOKMARK [3][-]{subsubsection.4.2.4}{\376\377\213\250\213\272}{subsection.4.2}% 30
\BOOKMARK [1][-]{section.5}{\376\377\176\323\213\272}{}% 31
\BOOKMARK [1][-]{section.6}{\376\377\176\323\213\355}{}% 32
\BOOKMARK [1][-]{section.7}{\376\377\201\364\214\042}{}% 33
